Waf: Entering directory `/root/ns3/ns3-allinone-build-version/ns-3-dev/build'
Waf: Leaving directory `/root/ns3/ns3-allinone-build-version/ns-3-dev/build'
Build commands will be stored in build/compile_commands.json
'build' finished successfully (2.113s)
+0.000000000s -1 BNSBitcoinTopologyHelper:ConnectRegionLeafs(): [INFO ] Node 1(NA):
+0.000000000s -1 BNSBitcoinTopologyHelper:ConnectRegionLeafs(): [INFO ] Setting downloadRate: 120.173
+0.000000000s -1 BNSBitcoinTopologyHelper:ConnectRegionLeafs(): [INFO ] Setting uploadRate: 8.88921
+0.000000000s -1 BNSBitcoinTopologyHelper:ConnectRegionLeafs(): [INFO ] Setting linkDelay: 18.6517
+0.000000000s -1 BNSBitcoinTopologyHelper:ConnectRegionLeafs(): [INFO ] Node 2(NA):
+0.000000000s -1 BNSBitcoinTopologyHelper:ConnectRegionLeafs(): [INFO ] Setting downloadRate: 0.568956
+0.000000000s -1 BNSBitcoinTopologyHelper:ConnectRegionLeafs(): [INFO ] Setting uploadRate: 5.83134
+0.000000000s -1 BNSBitcoinTopologyHelper:ConnectRegionLeafs(): [INFO ] Setting linkDelay: 6.23416
+0.000000000s -1 BNSBitcoinTopologyHelper:ConnectRegionLeafs(): [INFO ] Node 3(NA):
+0.000000000s -1 BNSBitcoinTopologyHelper:ConnectRegionLeafs(): [INFO ] Setting downloadRate: 13.8093
+0.000000000s -1 BNSBitcoinTopologyHelper:ConnectRegionLeafs(): [INFO ] Setting uploadRate: 26.4436
+0.000000000s -1 BNSBitcoinTopologyHelper:ConnectRegionLeafs(): [INFO ] Setting linkDelay: 11.9251
+0.000000000s -1 BNSBitcoinTopologyHelper:ConnectRegionLeafs(): [INFO ] Node 4(NA):
+0.000000000s -1 BNSBitcoinTopologyHelper:ConnectRegionLeafs(): [INFO ] Setting downloadRate: 36.0853
+0.000000000s -1 BNSBitcoinTopologyHelper:ConnectRegionLeafs(): [INFO ] Setting uploadRate: 0.246853
+0.000000000s -1 BNSBitcoinTopologyHelper:ConnectRegionLeafs(): [INFO ] Setting linkDelay: 5.57218
+0.000000000s -1 BNSBitcoinTopologyHelper:ConnectRegionLeafs(): [INFO ] Node 5(NA):
+0.000000000s -1 BNSBitcoinTopologyHelper:ConnectRegionLeafs(): [INFO ] Setting downloadRate: 26.9462
+0.000000000s -1 BNSBitcoinTopologyHelper:ConnectRegionLeafs(): [INFO ] Setting uploadRate: 14.123
+0.000000000s -1 BNSBitcoinTopologyHelper:ConnectRegionLeafs(): [INFO ] Setting linkDelay: 8.82795
+0.000000000s -1 BNSBitcoinTopologyHelper:ConnectRegionLeafs(): [INFO ] Node 6(NA):
+0.000000000s -1 BNSBitcoinTopologyHelper:ConnectRegionLeafs(): [INFO ] Setting downloadRate: 47.3436
+0.000000000s -1 BNSBitcoinTopologyHelper:ConnectRegionLeafs(): [INFO ] Setting uploadRate: 7.80331
+0.000000000s -1 BNSBitcoinTopologyHelper:ConnectRegionLeafs(): [INFO ] Setting linkDelay: 2.33644
+0.000000000s -1 BNSBitcoinTopologyHelper:ConnectRegionLeafs(): [INFO ] Node 7(NA):
+0.000000000s -1 BNSBitcoinTopologyHelper:ConnectRegionLeafs(): [INFO ] Setting downloadRate: 31.4452
+0.000000000s -1 BNSBitcoinTopologyHelper:ConnectRegionLeafs(): [INFO ] Setting uploadRate: 10.7516
+0.000000000s -1 BNSBitcoinTopologyHelper:ConnectRegionLeafs(): [INFO ] Setting linkDelay: 14.2873
+0.000000000s -1 BNSBitcoinTopologyHelper:ConnectRegionLeafs(): [INFO ] Node 8(NA):
+0.000000000s -1 BNSBitcoinTopologyHelper:ConnectRegionLeafs(): [INFO ] Setting downloadRate: 21.0406
+0.000000000s -1 BNSBitcoinTopologyHelper:ConnectRegionLeafs(): [INFO ] Setting uploadRate: 0.0447379
+0.000000000s -1 BNSBitcoinTopologyHelper:ConnectRegionLeafs(): [INFO ] Setting linkDelay: 4.77584
+0.000000000s -1 BNSBitcoinTopologyHelper:ConnectRegionLeafs(): [INFO ] Node 9(NA):
+0.000000000s -1 BNSBitcoinTopologyHelper:ConnectRegionLeafs(): [INFO ] Setting downloadRate: 13.9878
+0.000000000s -1 BNSBitcoinTopologyHelper:ConnectRegionLeafs(): [INFO ] Setting uploadRate: 6.89135
+0.000000000s -1 BNSBitcoinTopologyHelper:ConnectRegionLeafs(): [INFO ] Setting linkDelay: 1.11436
+0.000000000s -1 BNSBitcoinTopologyHelper:ConnectRegionLeafs(): [INFO ] Node 10(NA):
+0.000000000s -1 BNSBitcoinTopologyHelper:ConnectRegionLeafs(): [INFO ] Setting downloadRate: 25.0756
+0.000000000s -1 BNSBitcoinTopologyHelper:ConnectRegionLeafs(): [INFO ] Setting uploadRate: 20.331
+0.000000000s -1 BNSBitcoinTopologyHelper:ConnectRegionLeafs(): [INFO ] Setting linkDelay: 7.36613
+0.000000000s -1 BNSBitcoinTopologyHelper:ConnectRegionLeafs(): [INFO ] Node 11(NA):
+0.000000000s -1 BNSBitcoinTopologyHelper:ConnectRegionLeafs(): [INFO ] Setting downloadRate: 43.5417
+0.000000000s -1 BNSBitcoinTopologyHelper:ConnectRegionLeafs(): [INFO ] Setting uploadRate: 22.008
+0.000000000s -1 BNSBitcoinTopologyHelper:ConnectRegionLeafs(): [INFO ] Setting linkDelay: 12.5514
+0.000000000s -1 BNSBitcoinTopologyHelper:ConnectRegionLeafs(): [INFO ] Node 12(NA):
+0.000000000s -1 BNSBitcoinTopologyHelper:ConnectRegionLeafs(): [INFO ] Setting downloadRate: 12.0406
+0.000000000s -1 BNSBitcoinTopologyHelper:ConnectRegionLeafs(): [INFO ] Setting uploadRate: 21.7329
+0.000000000s -1 BNSBitcoinTopologyHelper:ConnectRegionLeafs(): [INFO ] Setting linkDelay: 16.4545
+0.000000000s -1 BNSBitcoinTopologyHelper:ConnectRegionLeafs(): [INFO ] Node 13(NA):
+0.000000000s -1 BNSBitcoinTopologyHelper:ConnectRegionLeafs(): [INFO ] Setting downloadRate: 81.8338
+0.000000000s -1 BNSBitcoinTopologyHelper:ConnectRegionLeafs(): [INFO ] Setting uploadRate: 24.3911
+0.000000000s -1 BNSBitcoinTopologyHelper:ConnectRegionLeafs(): [INFO ] Setting linkDelay: 13.6484
+0.000000000s -1 BNSBitcoinTopologyHelper:ConnectRegionLeafs(): [INFO ] Node 14(NA):
+0.000000000s -1 BNSBitcoinTopologyHelper:ConnectRegionLeafs(): [INFO ] Setting downloadRate: 55.3613
+0.000000000s -1 BNSBitcoinTopologyHelper:ConnectRegionLeafs(): [INFO ] Setting uploadRate: 0.573648
+0.000000000s -1 BNSBitcoinTopologyHelper:ConnectRegionLeafs(): [INFO ] Setting linkDelay: 16.4218
+0.000000000s -1 BNSBitcoinTopologyHelper:ConnectRegionLeafs(): [INFO ] Node 15(NA):
+0.000000000s -1 BNSBitcoinTopologyHelper:ConnectRegionLeafs(): [INFO ] Setting downloadRate: 28.9562
+0.000000000s -1 BNSBitcoinTopologyHelper:ConnectRegionLeafs(): [INFO ] Setting uploadRate: 17.6066
+0.000000000s -1 BNSBitcoinTopologyHelper:ConnectRegionLeafs(): [INFO ] Setting linkDelay: 20.923
+0.000000000s -1 BNSBitcoinTopologyHelper:ConnectRegionLeafs(): [INFO ] Node 16(NA):
+0.000000000s -1 BNSBitcoinTopologyHelper:ConnectRegionLeafs(): [INFO ] Setting downloadRate: 34.3309
+0.000000000s -1 BNSBitcoinTopologyHelper:ConnectRegionLeafs(): [INFO ] Setting uploadRate: 16.415
+0.000000000s -1 BNSBitcoinTopologyHelper:ConnectRegionLeafs(): [INFO ] Setting linkDelay: 16.9496
+0.000000000s -1 BNSBitcoinTopologyHelper:ConnectRegionLeafs(): [INFO ] Node 17(NA):
+0.000000000s -1 BNSBitcoinTopologyHelper:ConnectRegionLeafs(): [INFO ] Setting downloadRate: 58.5002
+0.000000000s -1 BNSBitcoinTopologyHelper:ConnectRegionLeafs(): [INFO ] Setting uploadRate: 27.2036
+0.000000000s -1 BNSBitcoinTopologyHelper:ConnectRegionLeafs(): [INFO ] Setting linkDelay: 8.87262
+0.000000000s -1 BNSBitcoinTopologyHelper:ConnectRegionLeafs(): [INFO ] Node 18(NA):
+0.000000000s -1 BNSBitcoinTopologyHelper:ConnectRegionLeafs(): [INFO ] Setting downloadRate: 54.5194
+0.000000000s -1 BNSBitcoinTopologyHelper:ConnectRegionLeafs(): [INFO ] Setting uploadRate: 27.6424
+0.000000000s -1 BNSBitcoinTopologyHelper:ConnectRegionLeafs(): [INFO ] Setting linkDelay: 14.2451
+0.000000000s -1 BNSBitcoinTopologyHelper:ConnectRegionLeafs(): [INFO ] Node 19(NA):
+0.000000000s -1 BNSBitcoinTopologyHelper:ConnectRegionLeafs(): [INFO ] Setting downloadRate: 63.1409
+0.000000000s -1 BNSBitcoinTopologyHelper:ConnectRegionLeafs(): [INFO ] Setting uploadRate: 1.53098
+0.000000000s -1 BNSBitcoinTopologyHelper:ConnectRegionLeafs(): [INFO ] Setting linkDelay: 7.02345
+0.000000000s -1 BNSBitcoinTopologyHelper:ConnectRegionLeafs(): [INFO ] Node 20(NA):
+0.000000000s -1 BNSBitcoinTopologyHelper:ConnectRegionLeafs(): [INFO ] Setting downloadRate: 59.4948
+0.000000000s -1 BNSBitcoinTopologyHelper:ConnectRegionLeafs(): [INFO ] Setting uploadRate: 13.2326
+0.000000000s -1 BNSBitcoinTopologyHelper:ConnectRegionLeafs(): [INFO ] Setting linkDelay: 23.1538
+0.000000000s -1 BNSBitcoinTopologyHelper:ConnectRegionLeafs(): [INFO ] Node 21(NA):
+0.000000000s -1 BNSBitcoinTopologyHelper:ConnectRegionLeafs(): [INFO ] Setting downloadRate: 17.3457
+0.000000000s -1 BNSBitcoinTopologyHelper:ConnectRegionLeafs(): [INFO ] Setting uploadRate: 32.5167
+0.000000000s -1 BNSBitcoinTopologyHelper:ConnectRegionLeafs(): [INFO ] Setting linkDelay: 21.5968
+0.000000000s -1 BNSBitcoinTopologyHelper:ConnectRegionLeafs(): [INFO ] Node 23(EU):
+0.000000000s -1 BNSBitcoinTopologyHelper:ConnectRegionLeafs(): [INFO ] Setting downloadRate: 24.2395
+0.000000000s -1 BNSBitcoinTopologyHelper:ConnectRegionLeafs(): [INFO ] Setting uploadRate: 20.2939
+0.000000000s -1 BNSBitcoinTopologyHelper:ConnectRegionLeafs(): [INFO ] Setting linkDelay: 1.40567
+0.000000000s -1 BNSBitcoinTopologyHelper:ConnectRegionLeafs(): [INFO ] Node 24(EU):
+0.000000000s -1 BNSBitcoinTopologyHelper:ConnectRegionLeafs(): [INFO ] Setting downloadRate: 80.1656
+0.000000000s -1 BNSBitcoinTopologyHelper:ConnectRegionLeafs(): [INFO ] Setting uploadRate: 71.5714
+0.000000000s -1 BNSBitcoinTopologyHelper:ConnectRegionLeafs(): [INFO ] Setting linkDelay: 10.3862
+0.000000000s -1 BNSBitcoinTopologyHelper:ConnectRegionLeafs(): [INFO ] Node 25(EU):
+0.000000000s -1 BNSBitcoinTopologyHelper:ConnectRegionLeafs(): [INFO ] Setting downloadRate: 63.3821
+0.000000000s -1 BNSBitcoinTopologyHelper:ConnectRegionLeafs(): [INFO ] Setting uploadRate: 24.0193
+0.000000000s -1 BNSBitcoinTopologyHelper:ConnectRegionLeafs(): [INFO ] Setting linkDelay: 4.28825
+0.000000000s -1 BNSBitcoinTopologyHelper:ConnectRegionLeafs(): [INFO ] Node 26(EU):
+0.000000000s -1 BNSBitcoinTopologyHelper:ConnectRegionLeafs(): [INFO ] Setting downloadRate: 81.886
+0.000000000s -1 BNSBitcoinTopologyHelper:ConnectRegionLeafs(): [INFO ] Setting uploadRate: 53.2797
+0.000000000s -1 BNSBitcoinTopologyHelper:ConnectRegionLeafs(): [INFO ] Setting linkDelay: 9.06935
+0.000000000s -1 BNSBitcoinTopologyHelper:ConnectRegionLeafs(): [INFO ] Node 27(EU):
+0.000000000s -1 BNSBitcoinTopologyHelper:ConnectRegionLeafs(): [INFO ] Setting downloadRate: 62.7373
+0.000000000s -1 BNSBitcoinTopologyHelper:ConnectRegionLeafs(): [INFO ] Setting uploadRate: 49.2004
+0.000000000s -1 BNSBitcoinTopologyHelper:ConnectRegionLeafs(): [INFO ] Setting linkDelay: 5.20838
+0.000000000s -1 BNSBitcoinTopologyHelper:ConnectRegionLeafs(): [INFO ] Node 28(EU):
+0.000000000s -1 BNSBitcoinTopologyHelper:ConnectRegionLeafs(): [INFO ] Setting downloadRate: 49.6386
+0.000000000s -1 BNSBitcoinTopologyHelper:ConnectRegionLeafs(): [INFO ] Setting uploadRate: 34.845
+0.000000000s -1 BNSBitcoinTopologyHelper:ConnectRegionLeafs(): [INFO ] Setting linkDelay: 14.2946
+0.000000000s -1 BNSBitcoinTopologyHelper:ConnectRegionLeafs(): [INFO ] Node 29(EU):
+0.000000000s -1 BNSBitcoinTopologyHelper:ConnectRegionLeafs(): [INFO ] Setting downloadRate: 55.0728
+0.000000000s -1 BNSBitcoinTopologyHelper:ConnectRegionLeafs(): [INFO ] Setting uploadRate: 28.1114
+0.000000000s -1 BNSBitcoinTopologyHelper:ConnectRegionLeafs(): [INFO ] Setting linkDelay: 4.94118
+0.000000000s -1 BNSBitcoinTopologyHelper:ConnectRegionLeafs(): [INFO ] Node 30(EU):
+0.000000000s -1 BNSBitcoinTopologyHelper:ConnectRegionLeafs(): [INFO ] Setting downloadRate: 103.894
+0.000000000s -1 BNSBitcoinTopologyHelper:ConnectRegionLeafs(): [INFO ] Setting uploadRate: 21.6628
+0.000000000s -1 BNSBitcoinTopologyHelper:ConnectRegionLeafs(): [INFO ] Setting linkDelay: 5.68566
+0.000000000s -1 BNSBitcoinTopologyHelper:ConnectRegionLeafs(): [INFO ] Node 31(EU):
+0.000000000s -1 BNSBitcoinTopologyHelper:ConnectRegionLeafs(): [INFO ] Setting downloadRate: 62.4758
+0.000000000s -1 BNSBitcoinTopologyHelper:ConnectRegionLeafs(): [INFO ] Setting uploadRate: 50.5346
+0.000000000s -1 BNSBitcoinTopologyHelper:ConnectRegionLeafs(): [INFO ] Setting linkDelay: 10.7704
+0.000000000s -1 BNSBitcoinTopologyHelper:ConnectRegionLeafs(): [INFO ] Node 32(EU):
+0.000000000s -1 BNSBitcoinTopologyHelper:ConnectRegionLeafs(): [INFO ] Setting downloadRate: 104.946
+0.000000000s -1 BNSBitcoinTopologyHelper:ConnectRegionLeafs(): [INFO ] Setting uploadRate: 8.00848
+0.000000000s -1 BNSBitcoinTopologyHelper:ConnectRegionLeafs(): [INFO ] Setting linkDelay: 18.7409
+0.000000000s -1 BNSBitcoinTopologyHelper:ConnectRegionLeafs(): [INFO ] Node 33(EU):
+0.000000000s -1 BNSBitcoinTopologyHelper:ConnectRegionLeafs(): [INFO ] Setting downloadRate: 46.563
+0.000000000s -1 BNSBitcoinTopologyHelper:ConnectRegionLeafs(): [INFO ] Setting uploadRate: 36.2011
+0.000000000s -1 BNSBitcoinTopologyHelper:ConnectRegionLeafs(): [INFO ] Setting linkDelay: 50.9865
+0.000000000s -1 BNSBitcoinTopologyHelper:ConnectRegionLeafs(): [INFO ] Node 34(EU):
+0.000000000s -1 BNSBitcoinTopologyHelper:ConnectRegionLeafs(): [INFO ] Setting downloadRate: 66.761
+0.000000000s -1 BNSBitcoinTopologyHelper:ConnectRegionLeafs(): [INFO ] Setting uploadRate: 0.433148
+0.000000000s -1 BNSBitcoinTopologyHelper:ConnectRegionLeafs(): [INFO ] Setting linkDelay: 5.25549
+0.000000000s -1 BNSBitcoinTopologyHelper:ConnectRegionLeafs(): [INFO ] Node 35(EU):
+0.000000000s -1 BNSBitcoinTopologyHelper:ConnectRegionLeafs(): [INFO ] Setting downloadRate: 60.6823
+0.000000000s -1 BNSBitcoinTopologyHelper:ConnectRegionLeafs(): [INFO ] Setting uploadRate: 27.4568
+0.000000000s -1 BNSBitcoinTopologyHelper:ConnectRegionLeafs(): [INFO ] Setting linkDelay: 11.4635
+0.000000000s -1 BNSBitcoinTopologyHelper:ConnectRegionLeafs(): [INFO ] Node 36(EU):
+0.000000000s -1 BNSBitcoinTopologyHelper:ConnectRegionLeafs(): [INFO ] Setting downloadRate: 50.0394
+0.000000000s -1 BNSBitcoinTopologyHelper:ConnectRegionLeafs(): [INFO ] Setting uploadRate: 88.2833
+0.000000000s -1 BNSBitcoinTopologyHelper:ConnectRegionLeafs(): [INFO ] Setting linkDelay: 8.0401
+0.000000000s -1 BNSBitcoinTopologyHelper:ConnectRegionLeafs(): [INFO ] Node 37(EU):
+0.000000000s -1 BNSBitcoinTopologyHelper:ConnectRegionLeafs(): [INFO ] Setting downloadRate: 37.2014
+0.000000000s -1 BNSBitcoinTopologyHelper:ConnectRegionLeafs(): [INFO ] Setting uploadRate: 56.876
+0.000000000s -1 BNSBitcoinTopologyHelper:ConnectRegionLeafs(): [INFO ] Setting linkDelay: 9.87873
+0.000000000s -1 BNSBitcoinTopologyHelper:ConnectRegionLeafs(): [INFO ] Node 38(EU):
+0.000000000s -1 BNSBitcoinTopologyHelper:ConnectRegionLeafs(): [INFO ] Setting downloadRate: 87.0679
+0.000000000s -1 BNSBitcoinTopologyHelper:ConnectRegionLeafs(): [INFO ] Setting uploadRate: 0.693451
+0.000000000s -1 BNSBitcoinTopologyHelper:ConnectRegionLeafs(): [INFO ] Setting linkDelay: 6.40138
+0.000000000s -1 BNSBitcoinTopologyHelper:ConnectRegionLeafs(): [INFO ] Node 39(EU):
+0.000000000s -1 BNSBitcoinTopologyHelper:ConnectRegionLeafs(): [INFO ] Setting downloadRate: 66.0045
+0.000000000s -1 BNSBitcoinTopologyHelper:ConnectRegionLeafs(): [INFO ] Setting uploadRate: 8.20296
+0.000000000s -1 BNSBitcoinTopologyHelper:ConnectRegionLeafs(): [INFO ] Setting linkDelay: 11.9416
+0.000000000s -1 BNSBitcoinTopologyHelper:ConnectRegionLeafs(): [INFO ] Node 40(EU):
+0.000000000s -1 BNSBitcoinTopologyHelper:ConnectRegionLeafs(): [INFO ] Setting downloadRate: 35.5545
+0.000000000s -1 BNSBitcoinTopologyHelper:ConnectRegionLeafs(): [INFO ] Setting uploadRate: 37.077
+0.000000000s -1 BNSBitcoinTopologyHelper:ConnectRegionLeafs(): [INFO ] Setting linkDelay: 11.9624
+0.000000000s -1 BNSBitcoinTopologyHelper:ConnectRegionLeafs(): [INFO ] Node 41(EU):
+0.000000000s -1 BNSBitcoinTopologyHelper:ConnectRegionLeafs(): [INFO ] Setting downloadRate: 77.0539
+0.000000000s -1 BNSBitcoinTopologyHelper:ConnectRegionLeafs(): [INFO ] Setting uploadRate: 42.5116
+0.000000000s -1 BNSBitcoinTopologyHelper:ConnectRegionLeafs(): [INFO ] Setting linkDelay: 9.20812
+0.000000000s -1 BNSBitcoinTopologyHelper:ConnectRegionLeafs(): [INFO ] Node 42(EU):
+0.000000000s -1 BNSBitcoinTopologyHelper:ConnectRegionLeafs(): [INFO ] Setting downloadRate: 108.086
+0.000000000s -1 BNSBitcoinTopologyHelper:ConnectRegionLeafs(): [INFO ] Setting uploadRate: 28.811
+0.000000000s -1 BNSBitcoinTopologyHelper:ConnectRegionLeafs(): [INFO ] Setting linkDelay: 9.99615
+0.000000000s -1 BNSBitcoinTopologyHelper:ConnectRegionLeafs(): [INFO ] Node 43(EU):
+0.000000000s -1 BNSBitcoinTopologyHelper:ConnectRegionLeafs(): [INFO ] Setting downloadRate: 52.1376
+0.000000000s -1 BNSBitcoinTopologyHelper:ConnectRegionLeafs(): [INFO ] Setting uploadRate: 44.0088
+0.000000000s -1 BNSBitcoinTopologyHelper:ConnectRegionLeafs(): [INFO ] Setting linkDelay: 66.9788
+0.000000000s -1 BNSBitcoinTopologyHelper:ConnectRegionLeafs(): [INFO ] Node 44(EU):
+0.000000000s -1 BNSBitcoinTopologyHelper:ConnectRegionLeafs(): [INFO ] Setting downloadRate: 84.3963
+0.000000000s -1 BNSBitcoinTopologyHelper:ConnectRegionLeafs(): [INFO ] Setting uploadRate: 43.8716
+0.000000000s -1 BNSBitcoinTopologyHelper:ConnectRegionLeafs(): [INFO ] Setting linkDelay: 12.2545
+0.000000000s -1 BNSBitcoinTopologyHelper:ConnectRegionLeafs(): [INFO ] Node 45(EU):
+0.000000000s -1 BNSBitcoinTopologyHelper:ConnectRegionLeafs(): [INFO ] Setting downloadRate: 85.518
+0.000000000s -1 BNSBitcoinTopologyHelper:ConnectRegionLeafs(): [INFO ] Setting uploadRate: 25.3317
+0.000000000s -1 BNSBitcoinTopologyHelper:ConnectRegionLeafs(): [INFO ] Setting linkDelay: 5.37523
+0.000000000s -1 BNSBitcoinTopologyHelper:ConnectRegionLeafs(): [INFO ] Node 46(EU):
+0.000000000s -1 BNSBitcoinTopologyHelper:ConnectRegionLeafs(): [INFO ] Setting downloadRate: 79.7461
+0.000000000s -1 BNSBitcoinTopologyHelper:ConnectRegionLeafs(): [INFO ] Setting uploadRate: 29.4248
+0.000000000s -1 BNSBitcoinTopologyHelper:ConnectRegionLeafs(): [INFO ] Setting linkDelay: 13.7694
+0.000000000s -1 BNSBitcoinTopologyHelper:ConnectRegionLeafs(): [INFO ] Node 47(EU):
+0.000000000s -1 BNSBitcoinTopologyHelper:ConnectRegionLeafs(): [INFO ] Setting downloadRate: 81.5398
+0.000000000s -1 BNSBitcoinTopologyHelper:ConnectRegionLeafs(): [INFO ] Setting uploadRate: 38.3988
+0.000000000s -1 BNSBitcoinTopologyHelper:ConnectRegionLeafs(): [INFO ] Setting linkDelay: 12.2935
+0.000000000s -1 BNSBitcoinTopologyHelper:ConnectRegionLeafs(): [INFO ] Node 48(EU):
+0.000000000s -1 BNSBitcoinTopologyHelper:ConnectRegionLeafs(): [INFO ] Setting downloadRate: 19.0322
+0.000000000s -1 BNSBitcoinTopologyHelper:ConnectRegionLeafs(): [INFO ] Setting uploadRate: 43.9584
+0.000000000s -1 BNSBitcoinTopologyHelper:ConnectRegionLeafs(): [INFO ] Setting linkDelay: 5.36659
+0.000000000s -1 BNSBitcoinTopologyHelper:ConnectRegionLeafs(): [INFO ] Node 49(EU):
+0.000000000s -1 BNSBitcoinTopologyHelper:ConnectRegionLeafs(): [INFO ] Setting downloadRate: 109.514
+0.000000000s -1 BNSBitcoinTopologyHelper:ConnectRegionLeafs(): [INFO ] Setting uploadRate: 73.6877
+0.000000000s -1 BNSBitcoinTopologyHelper:ConnectRegionLeafs(): [INFO ] Setting linkDelay: 20.5007
+0.000000000s -1 BNSBitcoinTopologyHelper:ConnectRegionLeafs(): [INFO ] Node 50(EU):
+0.000000000s -1 BNSBitcoinTopologyHelper:ConnectRegionLeafs(): [INFO ] Setting downloadRate: 59.0666
+0.000000000s -1 BNSBitcoinTopologyHelper:ConnectRegionLeafs(): [INFO ] Setting uploadRate: 60.598
+0.000000000s -1 BNSBitcoinTopologyHelper:ConnectRegionLeafs(): [INFO ] Setting linkDelay: 0.520477
+0.000000000s -1 BNSBitcoinTopologyHelper:ConnectRegionLeafs(): [INFO ] Node 51(EU):
+0.000000000s -1 BNSBitcoinTopologyHelper:ConnectRegionLeafs(): [INFO ] Setting downloadRate: 52.3795
+0.000000000s -1 BNSBitcoinTopologyHelper:ConnectRegionLeafs(): [INFO ] Setting uploadRate: 20.3082
+0.000000000s -1 BNSBitcoinTopologyHelper:ConnectRegionLeafs(): [INFO ] Setting linkDelay: 12.1624
+0.000000000s -1 BNSBitcoinTopologyHelper:ConnectRegionLeafs(): [INFO ] Node 52(EU):
+0.000000000s -1 BNSBitcoinTopologyHelper:ConnectRegionLeafs(): [INFO ] Setting downloadRate: 99.778
+0.000000000s -1 BNSBitcoinTopologyHelper:ConnectRegionLeafs(): [INFO ] Setting uploadRate: 97.8526
+0.000000000s -1 BNSBitcoinTopologyHelper:ConnectRegionLeafs(): [INFO ] Setting linkDelay: 13.2369
+0.000000000s -1 BNSBitcoinTopologyHelper:ConnectRegionLeafs(): [INFO ] Node 53(EU):
+0.000000000s -1 BNSBitcoinTopologyHelper:ConnectRegionLeafs(): [INFO ] Setting downloadRate: 8.26582
+0.000000000s -1 BNSBitcoinTopologyHelper:ConnectRegionLeafs(): [INFO ] Setting uploadRate: 51.7863
+0.000000000s -1 BNSBitcoinTopologyHelper:ConnectRegionLeafs(): [INFO ] Setting linkDelay: 16.0015
+0.000000000s -1 BNSBitcoinTopologyHelper:ConnectRegionLeafs(): [INFO ] Node 54(EU):
+0.000000000s -1 BNSBitcoinTopologyHelper:ConnectRegionLeafs(): [INFO ] Setting downloadRate: 122.329
+0.000000000s -1 BNSBitcoinTopologyHelper:ConnectRegionLeafs(): [INFO ] Setting uploadRate: 42.1379
+0.000000000s -1 BNSBitcoinTopologyHelper:ConnectRegionLeafs(): [INFO ] Setting linkDelay: 2.76628
+0.000000000s -1 BNSBitcoinTopologyHelper:ConnectRegionLeafs(): [INFO ] Node 55(EU):
+0.000000000s -1 BNSBitcoinTopologyHelper:ConnectRegionLeafs(): [INFO ] Setting downloadRate: 25.0075
+0.000000000s -1 BNSBitcoinTopologyHelper:ConnectRegionLeafs(): [INFO ] Setting uploadRate: 51.5596
+0.000000000s -1 BNSBitcoinTopologyHelper:ConnectRegionLeafs(): [INFO ] Setting linkDelay: 10.172
+0.000000000s -1 BNSBitcoinTopologyHelper:ConnectRegionLeafs(): [INFO ] Node 56(EU):
+0.000000000s -1 BNSBitcoinTopologyHelper:ConnectRegionLeafs(): [INFO ] Setting downloadRate: 87.8781
+0.000000000s -1 BNSBitcoinTopologyHelper:ConnectRegionLeafs(): [INFO ] Setting uploadRate: 42.7979
+0.000000000s -1 BNSBitcoinTopologyHelper:ConnectRegionLeafs(): [INFO ] Setting linkDelay: 6.17589
+0.000000000s -1 BNSBitcoinTopologyHelper:ConnectRegionLeafs(): [INFO ] Node 57(EU):
+0.000000000s -1 BNSBitcoinTopologyHelper:ConnectRegionLeafs(): [INFO ] Setting downloadRate: 87.1286
+0.000000000s -1 BNSBitcoinTopologyHelper:ConnectRegionLeafs(): [INFO ] Setting uploadRate: 36.806
+0.000000000s -1 BNSBitcoinTopologyHelper:ConnectRegionLeafs(): [INFO ] Setting linkDelay: 13.6092
+0.000000000s -1 BNSBitcoinTopologyHelper:ConnectRegionLeafs(): [INFO ] Node 58(EU):
+0.000000000s -1 BNSBitcoinTopologyHelper:ConnectRegionLeafs(): [INFO ] Setting downloadRate: 13.1089
+0.000000000s -1 BNSBitcoinTopologyHelper:ConnectRegionLeafs(): [INFO ] Setting uploadRate: 14.6666
+0.000000000s -1 BNSBitcoinTopologyHelper:ConnectRegionLeafs(): [INFO ] Setting linkDelay: 4.72991
+0.000000000s -1 BNSBitcoinTopologyHelper:ConnectRegionLeafs(): [INFO ] Node 59(EU):
+0.000000000s -1 BNSBitcoinTopologyHelper:ConnectRegionLeafs(): [INFO ] Setting downloadRate: 9.55396
+0.000000000s -1 BNSBitcoinTopologyHelper:ConnectRegionLeafs(): [INFO ] Setting uploadRate: 48.0387
+0.000000000s -1 BNSBitcoinTopologyHelper:ConnectRegionLeafs(): [INFO ] Setting linkDelay: 2.80014
+0.000000000s -1 BNSBitcoinTopologyHelper:ConnectRegionLeafs(): [INFO ] Node 60(EU):
+0.000000000s -1 BNSBitcoinTopologyHelper:ConnectRegionLeafs(): [INFO ] Setting downloadRate: 20.93
+0.000000000s -1 BNSBitcoinTopologyHelper:ConnectRegionLeafs(): [INFO ] Setting uploadRate: 44.0098
+0.000000000s -1 BNSBitcoinTopologyHelper:ConnectRegionLeafs(): [INFO ] Setting linkDelay: 145.905
+0.000000000s -1 BNSBitcoinTopologyHelper:ConnectRegionLeafs(): [INFO ] Node 61(EU):
+0.000000000s -1 BNSBitcoinTopologyHelper:ConnectRegionLeafs(): [INFO ] Setting downloadRate: 57.1988
+0.000000000s -1 BNSBitcoinTopologyHelper:ConnectRegionLeafs(): [INFO ] Setting uploadRate: 11.7346
+0.000000000s -1 BNSBitcoinTopologyHelper:ConnectRegionLeafs(): [INFO ] Setting linkDelay: 10.7725
+0.000000000s -1 BNSBitcoinTopologyHelper:ConnectRegionLeafs(): [INFO ] Node 62(EU):
+0.000000000s -1 BNSBitcoinTopologyHelper:ConnectRegionLeafs(): [INFO ] Setting downloadRate: 17.6429
+0.000000000s -1 BNSBitcoinTopologyHelper:ConnectRegionLeafs(): [INFO ] Setting uploadRate: 43.7953
+0.000000000s -1 BNSBitcoinTopologyHelper:ConnectRegionLeafs(): [INFO ] Setting linkDelay: 4.07978
+0.000000000s -1 BNSBitcoinTopologyHelper:ConnectRegionLeafs(): [INFO ] Node 63(EU):
+0.000000000s -1 BNSBitcoinTopologyHelper:ConnectRegionLeafs(): [INFO ] Setting downloadRate: 118.061
+0.000000000s -1 BNSBitcoinTopologyHelper:ConnectRegionLeafs(): [INFO ] Setting uploadRate: 5.76752
+0.000000000s -1 BNSBitcoinTopologyHelper:ConnectRegionLeafs(): [INFO ] Setting linkDelay: 11.4383
+0.000000000s -1 BNSBitcoinTopologyHelper:ConnectRegionLeafs(): [INFO ] Node 64(EU):
+0.000000000s -1 BNSBitcoinTopologyHelper:ConnectRegionLeafs(): [INFO ] Setting downloadRate: 6.69103
+0.000000000s -1 BNSBitcoinTopologyHelper:ConnectRegionLeafs(): [INFO ] Setting uploadRate: 26.4434
+0.000000000s -1 BNSBitcoinTopologyHelper:ConnectRegionLeafs(): [INFO ] Setting linkDelay: 16.2261
+0.000000000s -1 BNSBitcoinTopologyHelper:ConnectRegionLeafs(): [INFO ] Node 65(EU):
+0.000000000s -1 BNSBitcoinTopologyHelper:ConnectRegionLeafs(): [INFO ] Setting downloadRate: 7.27829
+0.000000000s -1 BNSBitcoinTopologyHelper:ConnectRegionLeafs(): [INFO ] Setting uploadRate: 60.1724
+0.000000000s -1 BNSBitcoinTopologyHelper:ConnectRegionLeafs(): [INFO ] Setting linkDelay: 6.14795
+0.000000000s -1 BNSBitcoinTopologyHelper:ConnectRegionLeafs(): [INFO ] Node 66(EU):
+0.000000000s -1 BNSBitcoinTopologyHelper:ConnectRegionLeafs(): [INFO ] Setting downloadRate: 95.7612
+0.000000000s -1 BNSBitcoinTopologyHelper:ConnectRegionLeafs(): [INFO ] Setting uploadRate: 49.5386
+0.000000000s -1 BNSBitcoinTopologyHelper:ConnectRegionLeafs(): [INFO ] Setting linkDelay: 6.63352
+0.000000000s -1 BNSBitcoinTopologyHelper:ConnectRegionLeafs(): [INFO ] Node 67(EU):
+0.000000000s -1 BNSBitcoinTopologyHelper:ConnectRegionLeafs(): [INFO ] Setting downloadRate: 98.2182
+0.000000000s -1 BNSBitcoinTopologyHelper:ConnectRegionLeafs(): [INFO ] Setting uploadRate: 48.5236
+0.000000000s -1 BNSBitcoinTopologyHelper:ConnectRegionLeafs(): [INFO ] Setting linkDelay: 4.55957
+0.000000000s -1 BNSBitcoinTopologyHelper:ConnectRegionLeafs(): [INFO ] Node 68(EU):
+0.000000000s -1 BNSBitcoinTopologyHelper:ConnectRegionLeafs(): [INFO ] Setting downloadRate: 58.6956
+0.000000000s -1 BNSBitcoinTopologyHelper:ConnectRegionLeafs(): [INFO ] Setting uploadRate: 37.2186
+0.000000000s -1 BNSBitcoinTopologyHelper:ConnectRegionLeafs(): [INFO ] Setting linkDelay: 5.13018
+0.000000000s -1 BNSBitcoinTopologyHelper:ConnectRegionLeafs(): [INFO ] Node 69(EU):
+0.000000000s -1 BNSBitcoinTopologyHelper:ConnectRegionLeafs(): [INFO ] Setting downloadRate: 41.3491
+0.000000000s -1 BNSBitcoinTopologyHelper:ConnectRegionLeafs(): [INFO ] Setting uploadRate: 28.258
+0.000000000s -1 BNSBitcoinTopologyHelper:ConnectRegionLeafs(): [INFO ] Setting linkDelay: 1.6225
+0.000000000s -1 BNSBitcoinTopologyHelper:ConnectRegionLeafs(): [INFO ] Node 70(EU):
+0.000000000s -1 BNSBitcoinTopologyHelper:ConnectRegionLeafs(): [INFO ] Setting downloadRate: 35.827
+0.000000000s -1 BNSBitcoinTopologyHelper:ConnectRegionLeafs(): [INFO ] Setting uploadRate: 50.2461
+0.000000000s -1 BNSBitcoinTopologyHelper:ConnectRegionLeafs(): [INFO ] Setting linkDelay: 25.428
+0.000000000s -1 BNSBitcoinTopologyHelper:ConnectRegionLeafs(): [INFO ] Node 71(EU):
+0.000000000s -1 BNSBitcoinTopologyHelper:ConnectRegionLeafs(): [INFO ] Setting downloadRate: 76.4396
+0.000000000s -1 BNSBitcoinTopologyHelper:ConnectRegionLeafs(): [INFO ] Setting uploadRate: 44.6068
+0.000000000s -1 BNSBitcoinTopologyHelper:ConnectRegionLeafs(): [INFO ] Setting linkDelay: 9.96941
+0.000000000s -1 BNSBitcoinTopologyHelper:ConnectRegionLeafs(): [INFO ] Node 72(EU):
+0.000000000s -1 BNSBitcoinTopologyHelper:ConnectRegionLeafs(): [INFO ] Setting downloadRate: 80.9808
+0.000000000s -1 BNSBitcoinTopologyHelper:ConnectRegionLeafs(): [INFO ] Setting uploadRate: 11.9823
+0.000000000s -1 BNSBitcoinTopologyHelper:ConnectRegionLeafs(): [INFO ] Setting linkDelay: 7.66905
+0.000000000s -1 BNSBitcoinTopologyHelper:ConnectRegionLeafs(): [INFO ] Node 73(EU):
+0.000000000s -1 BNSBitcoinTopologyHelper:ConnectRegionLeafs(): [INFO ] Setting downloadRate: 37.661
+0.000000000s -1 BNSBitcoinTopologyHelper:ConnectRegionLeafs(): [INFO ] Setting uploadRate: 45.9292
+0.000000000s -1 BNSBitcoinTopologyHelper:ConnectRegionLeafs(): [INFO ] Setting linkDelay: 23.8808
+0.000000000s -1 BNSBitcoinTopologyHelper:ConnectRegionLeafs(): [INFO ] Node 74(EU):
+0.000000000s -1 BNSBitcoinTopologyHelper:ConnectRegionLeafs(): [INFO ] Setting downloadRate: 60.4349
+0.000000000s -1 BNSBitcoinTopologyHelper:ConnectRegionLeafs(): [INFO ] Setting uploadRate: 8.09944
+0.000000000s -1 BNSBitcoinTopologyHelper:ConnectRegionLeafs(): [INFO ] Setting linkDelay: 1.28072
+0.000000000s -1 BNSBitcoinTopologyHelper:ConnectRegionLeafs(): [INFO ] Node 75(EU):
+0.000000000s -1 BNSBitcoinTopologyHelper:ConnectRegionLeafs(): [INFO ] Setting downloadRate: 63.0751
+0.000000000s -1 BNSBitcoinTopologyHelper:ConnectRegionLeafs(): [INFO ] Setting uploadRate: 36.4004
+0.000000000s -1 BNSBitcoinTopologyHelper:ConnectRegionLeafs(): [INFO ] Setting linkDelay: 6.64156
+0.000000000s -1 BNSBitcoinTopologyHelper:ConnectRegionLeafs(): [INFO ] Node 76(EU):
+0.000000000s -1 BNSBitcoinTopologyHelper:ConnectRegionLeafs(): [INFO ] Setting downloadRate: 106.759
+0.000000000s -1 BNSBitcoinTopologyHelper:ConnectRegionLeafs(): [INFO ] Setting uploadRate: 56.2896
+0.000000000s -1 BNSBitcoinTopologyHelper:ConnectRegionLeafs(): [INFO ] Setting linkDelay: 11.3263
+0.000000000s -1 BNSBitcoinTopologyHelper:ConnectRegionLeafs(): [INFO ] Node 77(EU):
+0.000000000s -1 BNSBitcoinTopologyHelper:ConnectRegionLeafs(): [INFO ] Setting downloadRate: 50.9426
+0.000000000s -1 BNSBitcoinTopologyHelper:ConnectRegionLeafs(): [INFO ] Setting uploadRate: 14.2738
+0.000000000s -1 BNSBitcoinTopologyHelper:ConnectRegionLeafs(): [INFO ] Setting linkDelay: 9.5388
+0.000000000s -1 BNSBitcoinTopologyHelper:ConnectRegionLeafs(): [INFO ] Node 78(EU):
+0.000000000s -1 BNSBitcoinTopologyHelper:ConnectRegionLeafs(): [INFO ] Setting downloadRate: 12.5058
+0.000000000s -1 BNSBitcoinTopologyHelper:ConnectRegionLeafs(): [INFO ] Setting uploadRate: 35.932
+0.000000000s -1 BNSBitcoinTopologyHelper:ConnectRegionLeafs(): [INFO ] Setting linkDelay: 3.58745
+0.000000000s -1 BNSBitcoinTopologyHelper:ConnectRegionLeafs(): [INFO ] Node 79(EU):
+0.000000000s -1 BNSBitcoinTopologyHelper:ConnectRegionLeafs(): [INFO ] Setting downloadRate: 46.6411
+0.000000000s -1 BNSBitcoinTopologyHelper:ConnectRegionLeafs(): [INFO ] Setting uploadRate: 47.3779
+0.000000000s -1 BNSBitcoinTopologyHelper:ConnectRegionLeafs(): [INFO ] Setting linkDelay: 2.79725
+0.000000000s -1 BNSBitcoinTopologyHelper:ConnectRegionLeafs(): [INFO ] Node 81(AS):
+0.000000000s -1 BNSBitcoinTopologyHelper:ConnectRegionLeafs(): [INFO ] Setting downloadRate: 25.2564
+0.000000000s -1 BNSBitcoinTopologyHelper:ConnectRegionLeafs(): [INFO ] Setting uploadRate: 23.9413
+0.000000000s -1 BNSBitcoinTopologyHelper:ConnectRegionLeafs(): [INFO ] Setting linkDelay: 1.7325
+0.000000000s -1 BNSBitcoinTopologyHelper:ConnectRegionLeafs(): [INFO ] Node 82(AS):
+0.000000000s -1 BNSBitcoinTopologyHelper:ConnectRegionLeafs(): [INFO ] Setting downloadRate: 31.1365
+0.000000000s -1 BNSBitcoinTopologyHelper:ConnectRegionLeafs(): [INFO ] Setting uploadRate: 12.9002
+0.000000000s -1 BNSBitcoinTopologyHelper:ConnectRegionLeafs(): [INFO ] Setting linkDelay: 6.80114
+0.000000000s -1 BNSBitcoinTopologyHelper:ConnectRegionLeafs(): [INFO ] Node 83(AS):
+0.000000000s -1 BNSBitcoinTopologyHelper:ConnectRegionLeafs(): [INFO ] Setting downloadRate: 49.4199
+0.000000000s -1 BNSBitcoinTopologyHelper:ConnectRegionLeafs(): [INFO ] Setting uploadRate: 9.95112
+0.000000000s -1 BNSBitcoinTopologyHelper:ConnectRegionLeafs(): [INFO ] Setting linkDelay: 1.20631
+0.000000000s -1 BNSBitcoinTopologyHelper:ConnectRegionLeafs(): [INFO ] Node 84(AS):
+0.000000000s -1 BNSBitcoinTopologyHelper:ConnectRegionLeafs(): [INFO ] Setting downloadRate: 57.8697
+0.000000000s -1 BNSBitcoinTopologyHelper:ConnectRegionLeafs(): [INFO ] Setting uploadRate: 25.2836
+0.000000000s -1 BNSBitcoinTopologyHelper:ConnectRegionLeafs(): [INFO ] Setting linkDelay: 34.5997
+0.000000000s -1 BNSBitcoinTopologyHelper:ConnectRegionLeafs(): [INFO ] Node 85(AS):
+0.000000000s -1 BNSBitcoinTopologyHelper:ConnectRegionLeafs(): [INFO ] Setting downloadRate: 89.797
+0.000000000s -1 BNSBitcoinTopologyHelper:ConnectRegionLeafs(): [INFO ] Setting uploadRate: 68.8117
+0.000000000s -1 BNSBitcoinTopologyHelper:ConnectRegionLeafs(): [INFO ] Setting linkDelay: 87.0584
+0.000000000s -1 BNSBitcoinTopologyHelper:ConnectRegionLeafs(): [INFO ] Node 86(AS):
+0.000000000s -1 BNSBitcoinTopologyHelper:ConnectRegionLeafs(): [INFO ] Setting downloadRate: 93.0964
+0.000000000s -1 BNSBitcoinTopologyHelper:ConnectRegionLeafs(): [INFO ] Setting uploadRate: 34.3513
+0.000000000s -1 BNSBitcoinTopologyHelper:ConnectRegionLeafs(): [INFO ] Setting linkDelay: 1.17414
+0.000000000s -1 BNSBitcoinTopologyHelper:ConnectRegionLeafs(): [INFO ] Node 87(AS):
+0.000000000s -1 BNSBitcoinTopologyHelper:ConnectRegionLeafs(): [INFO ] Setting downloadRate: 8.20801
+0.000000000s -1 BNSBitcoinTopologyHelper:ConnectRegionLeafs(): [INFO ] Setting uploadRate: 45.874
+0.000000000s -1 BNSBitcoinTopologyHelper:ConnectRegionLeafs(): [INFO ] Setting linkDelay: 3.30064
+0.000000000s -1 BNSBitcoinTopologyHelper:ConnectRegionLeafs(): [INFO ] Node 88(AS):
+0.000000000s -1 BNSBitcoinTopologyHelper:ConnectRegionLeafs(): [INFO ] Setting downloadRate: 9.77014
+0.000000000s -1 BNSBitcoinTopologyHelper:ConnectRegionLeafs(): [INFO ] Setting uploadRate: 111.056
+0.000000000s -1 BNSBitcoinTopologyHelper:ConnectRegionLeafs(): [INFO ] Setting linkDelay: 0.93658
+0.000000000s -1 BNSBitcoinTopologyHelper:ConnectRegionLeafs(): [INFO ] Node 89(AS):
+0.000000000s -1 BNSBitcoinTopologyHelper:ConnectRegionLeafs(): [INFO ] Setting downloadRate: 23.7282
+0.000000000s -1 BNSBitcoinTopologyHelper:ConnectRegionLeafs(): [INFO ] Setting uploadRate: 52.6017
+0.000000000s -1 BNSBitcoinTopologyHelper:ConnectRegionLeafs(): [INFO ] Setting linkDelay: 8.76698
+0.000000000s -1 BNSBitcoinTopologyHelper:ConnectRegionLeafs(): [INFO ] Node 90(AS):
+0.000000000s -1 BNSBitcoinTopologyHelper:ConnectRegionLeafs(): [INFO ] Setting downloadRate: 33.8779
+0.000000000s -1 BNSBitcoinTopologyHelper:ConnectRegionLeafs(): [INFO ] Setting uploadRate: 27.9081
+0.000000000s -1 BNSBitcoinTopologyHelper:ConnectRegionLeafs(): [INFO ] Setting linkDelay: 84.4558
+0.000000000s -1 BNSBitcoinTopologyHelper:ConnectRegionLeafs(): [INFO ] Node 92(OC):
+0.000000000s -1 BNSBitcoinTopologyHelper:ConnectRegionLeafs(): [INFO ] Setting downloadRate: 27.8908
+0.000000000s -1 BNSBitcoinTopologyHelper:ConnectRegionLeafs(): [INFO ] Setting uploadRate: 22.9889
+0.000000000s -1 BNSBitcoinTopologyHelper:ConnectRegionLeafs(): [INFO ] Setting linkDelay: 9.49478
+0.000000000s -1 BNSBitcoinTopologyHelper:ConnectRegionLeafs(): [INFO ] Node 93(OC):
+0.000000000s -1 BNSBitcoinTopologyHelper:ConnectRegionLeafs(): [INFO ] Setting downloadRate: 4.02685
+0.000000000s -1 BNSBitcoinTopologyHelper:ConnectRegionLeafs(): [INFO ] Setting uploadRate: 1.36615
+0.000000000s -1 BNSBitcoinTopologyHelper:ConnectRegionLeafs(): [INFO ] Setting linkDelay: 1.153
+0.000000000s -1 BNSBitcoinTopologyHelper:ConnectRegionLeafs(): [INFO ] Node 95(AF):
+0.000000000s -1 BNSBitcoinTopologyHelper:ConnectRegionLeafs(): [INFO ] Setting downloadRate: 5.88962
+0.000000000s -1 BNSBitcoinTopologyHelper:ConnectRegionLeafs(): [INFO ] Setting uploadRate: 7.59419
+0.000000000s -1 BNSBitcoinTopologyHelper:ConnectRegionLeafs(): [INFO ] Setting linkDelay: 97.3127
+0.000000000s -1 BNSBitcoinTopologyHelper:ConnectRegionLeafs(): [INFO ] Node 97(SA):
+0.000000000s -1 BNSBitcoinTopologyHelper:ConnectRegionLeafs(): [INFO ] Setting downloadRate: 13.7111
+0.000000000s -1 BNSBitcoinTopologyHelper:ConnectRegionLeafs(): [INFO ] Setting uploadRate: 7.15242
+0.000000000s -1 BNSBitcoinTopologyHelper:ConnectRegionLeafs(): [INFO ] Setting linkDelay: 58.0925
+0.000000000s -1 BNSBitcoinTopologyHelper:ConnectRegionLeafs(): [INFO ] Node 99(CN):
+0.000000000s -1 BNSBitcoinTopologyHelper:ConnectRegionLeafs(): [INFO ] Setting downloadRate: 93.7893
+0.000000000s -1 BNSBitcoinTopologyHelper:ConnectRegionLeafs(): [INFO ] Setting uploadRate: 77.4536
+0.000000000s -1 BNSBitcoinTopologyHelper:ConnectRegionLeafs(): [INFO ] Setting linkDelay: 7.42191
+0.000000000s -1 BNSBitcoinTopologyHelper:ConnectRegionLeafs(): [INFO ] Node 100(CN):
+0.000000000s -1 BNSBitcoinTopologyHelper:ConnectRegionLeafs(): [INFO ] Setting downloadRate: 168.322
+0.000000000s -1 BNSBitcoinTopologyHelper:ConnectRegionLeafs(): [INFO ] Setting uploadRate: 68.0679
+0.000000000s -1 BNSBitcoinTopologyHelper:ConnectRegionLeafs(): [INFO ] Setting linkDelay: 1.17163
+0.000000000s -1 BNSBitcoinTopologyHelper:ConnectRegionLeafs(): [INFO ] Node 101(CN):
+0.000000000s -1 BNSBitcoinTopologyHelper:ConnectRegionLeafs(): [INFO ] Setting downloadRate: 126.021
+0.000000000s -1 BNSBitcoinTopologyHelper:ConnectRegionLeafs(): [INFO ] Setting uploadRate: 57.6436
+0.000000000s -1 BNSBitcoinTopologyHelper:ConnectRegionLeafs(): [INFO ] Setting linkDelay: 4.38055
+0.000000000s -1 BNSBitcoinTopologyHelper:ConnectRegionLeafs(): [INFO ] Node 102(CN):
+0.000000000s -1 BNSBitcoinTopologyHelper:ConnectRegionLeafs(): [INFO ] Setting downloadRate: 205.426
+0.000000000s -1 BNSBitcoinTopologyHelper:ConnectRegionLeafs(): [INFO ] Setting uploadRate: 114.544
+0.000000000s -1 BNSBitcoinTopologyHelper:ConnectRegionLeafs(): [INFO ] Setting linkDelay: 3.83817
+0.000000000s -1 BNSBitcoinTopologyHelper:ConnectRegionLeafs(): [INFO ] Node 103(CN):
+0.000000000s -1 BNSBitcoinTopologyHelper:ConnectRegionLeafs(): [INFO ] Setting downloadRate: 133.11
+0.000000000s -1 BNSBitcoinTopologyHelper:ConnectRegionLeafs(): [INFO ] Setting uploadRate: 105.928
+0.000000000s -1 BNSBitcoinTopologyHelper:ConnectRegionLeafs(): [INFO ] Setting linkDelay: 80.9099
+0.000000000s -1 BNSBitcoinTopologyHelper:ConnectRegionLeafs(): [INFO ] Node 104(CN):
+0.000000000s -1 BNSBitcoinTopologyHelper:ConnectRegionLeafs(): [INFO ] Setting downloadRate: 66.6997
+0.000000000s -1 BNSBitcoinTopologyHelper:ConnectRegionLeafs(): [INFO ] Setting uploadRate: 166.014
+0.000000000s -1 BNSBitcoinTopologyHelper:ConnectRegionLeafs(): [INFO ] Setting linkDelay: 0.333463
+0.000000000s -1 BNSBitcoinTopologyHelper:ConnectRegionLeafs(): [INFO ] Node 105(CN):
+0.000000000s -1 BNSBitcoinTopologyHelper:ConnectRegionLeafs(): [INFO ] Setting downloadRate: 136.144
+0.000000000s -1 BNSBitcoinTopologyHelper:ConnectRegionLeafs(): [INFO ] Setting uploadRate: 78.2486
+0.000000000s -1 BNSBitcoinTopologyHelper:ConnectRegionLeafs(): [INFO ] Setting linkDelay: 0.570304
+0.000000000s -1 BNSBitcoinTopologyHelper:ConnectRegionLeafs(): [INFO ] Node 106(CN):
+0.000000000s -1 BNSBitcoinTopologyHelper:ConnectRegionLeafs(): [INFO ] Setting downloadRate: 237.689
+0.000000000s -1 BNSBitcoinTopologyHelper:ConnectRegionLeafs(): [INFO ] Setting uploadRate: 40.0844
+0.000000000s -1 BNSBitcoinTopologyHelper:ConnectRegionLeafs(): [INFO ] Setting linkDelay: 3.76867
+0.000000000s -1 BNSBitcoinTopologyHelper:BitcoinTopologyHelper(): [INFO ] All Continents successfully connected
+0.000000000s -1 BNSBitcoinTopologyHelper:BitcoinTopologyHelper(): [INFO ] Amount of Nodes in each Continent:
+0.000000000s -1 BNSBitcoinTopologyHelper:BitcoinTopologyHelper(): [INFO ] NA: 21
+0.000000000s -1 BNSBitcoinTopologyHelper:BitcoinTopologyHelper(): [INFO ] EU: 57
+0.000000000s -1 BNSBitcoinTopologyHelper:BitcoinTopologyHelper(): [INFO ] AS: 10
+0.000000000s -1 BNSBitcoinTopologyHelper:BitcoinTopologyHelper(): [INFO ] OC: 2
+0.000000000s -1 BNSBitcoinTopologyHelper:BitcoinTopologyHelper(): [INFO ] AF: 1
+0.000000000s -1 BNSBitcoinTopologyHelper:BitcoinTopologyHelper(): [INFO ] SA: 1
+0.000000000s -1 BNSBitcoinTopologyHelper:BitcoinTopologyHelper(): [INFO ] CN: 8
+0.000000000s -1 BNSBitcoinTopologyHelper:BitcoinTopologyHelper(): [INFO ] TOTAL: 100
+0.000000000s -1 BNS:main(): [INFO ] Marked 0 nodes as byzantine.
+0.000000000s -1 BNS:main(): [INFO ] Running Simulator!
+2.000000000s 1 BNSKadcastNode:StartApplication(): [INFO ] Starting node 1: 10.1.0.1 / 3203351596746076160
+2.000000000s 2 BNSKadcastNode:StartApplication(): [INFO ] Starting node 2: 10.1.0.2 / 11107912316276983808
+2.000000000s 3 BNSKadcastNode:StartApplication(): [INFO ] Starting node 3: 10.1.0.3 / 8172678133302334464
+2.000000000s 4 BNSKadcastNode:StartApplication(): [INFO ] Starting node 4: 10.1.0.4 / 17763284559063138304
+2.000000000s 5 BNSKadcastNode:StartApplication(): [INFO ] Starting node 5: 10.1.0.5 / 8442153207776613376
+2.000000000s 6 BNSKadcastNode:StartApplication(): [INFO ] Starting node 6: 10.1.0.6 / 15635324140198340608
+2.000000000s 7 BNSKadcastNode:StartApplication(): [INFO ] Starting node 7: 10.1.0.7 / 10703215876476239872
+2.000000000s 8 BNSKadcastNode:StartApplication(): [INFO ] Starting node 8: 10.1.0.8 / 13773729011701647360
+2.000000000s 9 BNSKadcastNode:StartApplication(): [INFO ] Starting node 9: 10.1.0.9 / 6720192029795482624
+2.000000000s 10 BNSKadcastNode:StartApplication(): [INFO ] Starting node 10: 10.1.0.10 / 17555801787116115968
+2.000000000s 11 BNSKadcastNode:StartApplication(): [INFO ] Starting node 11: 10.1.0.11 / 16320239438375204864
+2.000000000s 12 BNSKadcastNode:StartApplication(): [INFO ] Starting node 12: 10.1.0.12 / 162843976382015648
+2.000000000s 13 BNSKadcastNode:StartApplication(): [INFO ] Starting node 13: 10.1.0.13 / 10745092174712477696
+2.000000000s 14 BNSKadcastNode:StartApplication(): [INFO ] Starting node 14: 10.1.0.14 / 2612149062122424832
+2.000000000s 15 BNSKadcastNode:StartApplication(): [INFO ] Starting node 15: 10.1.0.15 / 14368473112104585216
+2.000000000s 16 BNSKadcastNode:StartApplication(): [INFO ] Starting node 16: 10.1.0.16 / 15774062761788018688
+2.000000000s 17 BNSKadcastNode:StartApplication(): [INFO ] Starting node 17: 10.1.0.17 / 2292183268794167552
+2.000000000s 18 BNSKadcastNode:StartApplication(): [INFO ] Starting node 18: 10.1.0.18 / 13085723192347865088
+2.000000000s 19 BNSKadcastNode:StartApplication(): [INFO ] Starting node 19: 10.1.0.19 / 9090094582410557440
+2.000000000s 20 BNSKadcastNode:StartApplication(): [INFO ] Starting node 20: 10.1.0.20 / 3355615002286370304
+2.000000000s 21 BNSKadcastNode:StartApplication(): [INFO ] Starting node 21: 10.1.0.21 / 1746133620165880320
+2.000000000s 23 BNSKadcastNode:StartApplication(): [INFO ] Starting node 23: 10.3.0.1 / 11398677896855926784
+2.000000000s 24 BNSKadcastNode:StartApplication(): [INFO ] Starting node 24: 10.3.0.2 / 10845029587424593920
+2.000000000s 25 BNSKadcastNode:StartApplication(): [INFO ] Starting node 25: 10.3.0.3 / 6058416371557616640
+2.000000000s 26 BNSKadcastNode:StartApplication(): [INFO ] Starting node 26: 10.3.0.4 / 14710757042642382848
+2.000000000s 27 BNSKadcastNode:StartApplication(): [INFO ] Starting node 27: 10.3.0.5 / 16149068799903248384
+2.000000000s 28 BNSKadcastNode:StartApplication(): [INFO ] Starting node 28: 10.3.0.6 / 15336093479316740096
+2.000000000s 29 BNSKadcastNode:StartApplication(): [INFO ] Starting node 29: 10.3.0.7 / 4703335097339571200
+2.000000000s 30 BNSKadcastNode:StartApplication(): [INFO ] Starting node 30: 10.3.0.8 / 17096289540350287872
+2.000000000s 31 BNSKadcastNode:StartApplication(): [INFO ] Starting node 31: 10.3.0.9 / 2815977770206327808
+2.000000000s 32 BNSKadcastNode:StartApplication(): [INFO ] Starting node 32: 10.3.0.10 / 9265672248383660032
+2.000000000s 33 BNSKadcastNode:StartApplication(): [INFO ] Starting node 33: 10.3.0.11 / 6008451777632944128
+2.000000000s 34 BNSKadcastNode:StartApplication(): [INFO ] Starting node 34: 10.3.0.12 / 13340053932230152192
+2.000000000s 35 BNSKadcastNode:StartApplication(): [INFO ] Starting node 35: 10.3.0.13 / 8308362667924430848
+2.000000000s 36 BNSKadcastNode:StartApplication(): [INFO ] Starting node 36: 10.3.0.14 / 1559528491982265344
+2.000000000s 37 BNSKadcastNode:StartApplication(): [INFO ] Starting node 37: 10.3.0.15 / 11184216820622202880
+2.000000000s 38 BNSKadcastNode:StartApplication(): [INFO ] Starting node 38: 10.3.0.16 / 10927837750607712256
+2.000000000s 39 BNSKadcastNode:StartApplication(): [INFO ] Starting node 39: 10.3.0.17 / 7524392023101681664
+2.000000000s 40 BNSKadcastNode:StartApplication(): [INFO ] Starting node 40: 10.3.0.18 / 16625486421016928256
+2.000000000s 41 BNSKadcastNode:StartApplication(): [INFO ] Starting node 41: 10.3.0.19 / 7344299839475709952
+2.000000000s 42 BNSKadcastNode:StartApplication(): [INFO ] Starting node 42: 10.3.0.20 / 8360239308367436800
+2.000000000s 43 BNSKadcastNode:StartApplication(): [INFO ] Starting node 43: 10.3.0.21 / 3303768551169949696
+2.000000000s 44 BNSKadcastNode:StartApplication(): [INFO ] Starting node 44: 10.3.0.22 / 192102476135327328
+2.000000000s 45 BNSKadcastNode:StartApplication(): [INFO ] Starting node 45: 10.3.0.23 / 17132623238857191424
+2.000000000s 46 BNSKadcastNode:StartApplication(): [INFO ] Starting node 46: 10.3.0.24 / 5998481775076623360
+2.000000000s 47 BNSKadcastNode:StartApplication(): [INFO ] Starting node 47: 10.3.0.25 / 14638955962048970752
+2.000000000s 48 BNSKadcastNode:StartApplication(): [INFO ] Starting node 48: 10.3.0.26 / 8630128993234747392
+2.000000000s 49 BNSKadcastNode:StartApplication(): [INFO ] Starting node 49: 10.3.0.27 / 7413888586602779648
+2.000000000s 50 BNSKadcastNode:StartApplication(): [INFO ] Starting node 50: 10.3.0.28 / 17626884976776138752
+2.000000000s 51 BNSKadcastNode:StartApplication(): [INFO ] Starting node 51: 10.3.0.29 / 2857523549218295296
+2.000000000s 52 BNSKadcastNode:StartApplication(): [INFO ] Starting node 52: 10.3.0.30 / 8649115704540069888
+2.000000000s 53 BNSKadcastNode:StartApplication(): [INFO ] Starting node 53: 10.3.0.31 / 7124265278401331200
+2.000000000s 54 BNSKadcastNode:StartApplication(): [INFO ] Starting node 54: 10.3.0.32 / 5362895170820692992
+2.000000000s 55 BNSKadcastNode:StartApplication(): [INFO ] Starting node 55: 10.3.0.33 / 18040153355671040000
+2.000000000s 56 BNSKadcastNode:StartApplication(): [INFO ] Starting node 56: 10.3.0.34 / 10021588496182777856
+2.000000000s 57 BNSKadcastNode:StartApplication(): [INFO ] Starting node 57: 10.3.0.35 / 11172636737827852288
+2.000000000s 58 BNSKadcastNode:StartApplication(): [INFO ] Starting node 58: 10.3.0.36 / 14798503310353485824
+2.000000000s 59 BNSKadcastNode:StartApplication(): [INFO ] Starting node 59: 10.3.0.37 / 13360782828383993856
+2.000000000s 60 BNSKadcastNode:StartApplication(): [INFO ] Starting node 60: 10.3.0.38 / 17497618991915882496
+2.000000000s 61 BNSKadcastNode:StartApplication(): [INFO ] Starting node 61: 10.3.0.39 / 6626586086379062272
+2.000000000s 62 BNSKadcastNode:StartApplication(): [INFO ] Starting node 62: 10.3.0.40 / 18286738284868628480
+2.000000000s 63 BNSKadcastNode:StartApplication(): [INFO ] Starting node 63: 10.3.0.41 / 13880937765743329280
+2.000000000s 64 BNSKadcastNode:StartApplication(): [INFO ] Starting node 64: 10.3.0.42 / 5832015547655791616
+2.000000000s 65 BNSKadcastNode:StartApplication(): [INFO ] Starting node 65: 10.3.0.43 / 5995459281890000896
+2.000000000s 66 BNSKadcastNode:StartApplication(): [INFO ] Starting node 66: 10.3.0.44 / 4135170188586762240
+2.000000000s 67 BNSKadcastNode:StartApplication(): [INFO ] Starting node 67: 10.3.0.45 / 4190947355308136448
+2.000000000s 68 BNSKadcastNode:StartApplication(): [INFO ] Starting node 68: 10.3.0.46 / 16362987902777577472
+2.000000000s 69 BNSKadcastNode:StartApplication(): [INFO ] Starting node 69: 10.3.0.47 / 17295659689912932352
+2.000000000s 70 BNSKadcastNode:StartApplication(): [INFO ] Starting node 70: 10.3.0.48 / 5126969023823074304
+2.000000000s 71 BNSKadcastNode:StartApplication(): [INFO ] Starting node 71: 10.3.0.49 / 1653714548069515776
+2.000000000s 72 BNSKadcastNode:StartApplication(): [INFO ] Starting node 72: 10.3.0.50 / 4132111467349243392
+2.000000000s 73 BNSKadcastNode:StartApplication(): [INFO ] Starting node 73: 10.3.0.51 / 17017239117250867200
+2.000000000s 74 BNSKadcastNode:StartApplication(): [INFO ] Starting node 74: 10.3.0.52 / 15441845337431388160
+2.000000000s 75 BNSKadcastNode:StartApplication(): [INFO ] Starting node 75: 10.3.0.53 / 11749228222499647488
+2.000000000s 76 BNSKadcastNode:StartApplication(): [INFO ] Starting node 76: 10.3.0.54 / 6786168107956237312
+2.000000000s 77 BNSKadcastNode:StartApplication(): [INFO ] Starting node 77: 10.3.0.55 / 3842820516618157056
+2.000000000s 78 BNSKadcastNode:StartApplication(): [INFO ] Starting node 78: 10.3.0.56 / 6714572455658541056
+2.000000000s 79 BNSKadcastNode:StartApplication(): [INFO ] Starting node 79: 10.3.0.57 / 4278687300827073536
+2.000000000s 81 BNSKadcastNode:StartApplication(): [INFO ] Starting node 81: 10.5.0.1 / 16949707582248798208
+2.000000000s 82 BNSKadcastNode:StartApplication(): [INFO ] Starting node 82: 10.5.0.2 / 16121050957348044800
+2.000000000s 83 BNSKadcastNode:StartApplication(): [INFO ] Starting node 83: 10.5.0.3 / 15718099090397751296
+2.000000000s 84 BNSKadcastNode:StartApplication(): [INFO ] Starting node 84: 10.5.0.4 / 7974597328689424384
+2.000000000s 85 BNSKadcastNode:StartApplication(): [INFO ] Starting node 85: 10.5.0.5 / 323978267934616576
+2.000000000s 86 BNSKadcastNode:StartApplication(): [INFO ] Starting node 86: 10.5.0.6 / 11141109279756625920
+2.000000000s 87 BNSKadcastNode:StartApplication(): [INFO ] Starting node 87: 10.5.0.7 / 13053127253735831552
+2.000000000s 88 BNSKadcastNode:StartApplication(): [INFO ] Starting node 88: 10.5.0.8 / 11159195194642432000
+2.000000000s 89 BNSKadcastNode:StartApplication(): [INFO ] Starting node 89: 10.5.0.9 / 15812014683791339520
+2.000000000s 90 BNSKadcastNode:StartApplication(): [INFO ] Starting node 90: 10.5.0.10 / 2669834461430988288
+2.000000000s 92 BNSKadcastNode:StartApplication(): [INFO ] Starting node 92: 10.7.0.1 / 13776558038077052928
+2.000000000s 93 BNSKadcastNode:StartApplication(): [INFO ] Starting node 93: 10.7.0.2 / 3373422762191715328
+2.000000000s 95 BNSKadcastNode:StartApplication(): [INFO ] Starting node 95: 10.9.0.1 / 6808936649817988096
+2.000000000s 97 BNSKadcastNode:StartApplication(): [INFO ] Starting node 97: 10.11.0.1 / 4759765678942166016
+2.000000000s 99 BNSKadcastNode:StartApplication(): [INFO ] Starting node 99: 10.13.0.1 / 4807282536526569472
+2.000000000s 100 BNSKadcastNode:StartApplication(): [INFO ] Starting node 100: 10.13.0.2 / 4556698116409386496
+2.000000000s 101 BNSKadcastNode:StartApplication(): [INFO ] Starting node 101: 10.13.0.3 / 5781484670855651328
+2.000000000s 102 BNSKadcastNode:StartApplication(): [INFO ] Starting node 102: 10.13.0.4 / 15169670708377112576
+2.000000000s 103 BNSKadcastNode:StartApplication(): [INFO ] Starting node 103: 10.13.0.5 / 7683594665904261120
+2.000000000s 104 BNSKadcastNode:StartApplication(): [INFO ] Starting node 104: 10.13.0.6 / 2786054834685179904
+2.000000000s 105 BNSKadcastNode:StartApplication(): [INFO ] Starting node 105: 10.13.0.7 / 6382865428060217344
+2.000000000s 106 BNSKadcastNode:StartApplication(): [INFO ] Starting node 106: 10.13.0.8 / 18126432157540083712
+202.000000000s 21 BNSBitcoinMiner:StartMining(): [INFO ] Starting mining on new block. Prev ID:0, Prev Height: 0, will be found in 1601.72 seconds.
+202.000000000s 21 BNSBitcoinMiner:StartMining(): [INFO ] 
+202.000000000s 21 BNSBitcoinMiner:StartMining(): [INFO ] 
+202.000000000s 21 BNSBitcoinMiner:StartMining(): [INFO ] 
+202.000000000s 21 BNSBitcoinMiner:StartMining(): [INFO ] Start to broadcast 10 seconds after the simulation starts
+202.000000000s 21 BNSBitcoinMiner:StartMining(): [INFO ] Start to broadcast 10 seconds after the simulation starts
+202.000000000s 21 BNSBitcoinMiner:StartMining(): [INFO ] Start to broadcast 10 seconds after the simulation starts
+202.000000000s 21 BNSBitcoinMiner:StartMining(): [INFO ] Start to broadcast 10 seconds after the simulation starts
+202.000000000s 21 BNSBitcoinMiner:StartMining(): [INFO ] Start to broadcast 10 seconds after the simulation starts
+202.000000000s 21 BNSBitcoinMiner:StartMining(): [INFO ] Start to broadcast 10 seconds after the simulation starts
+202.000000000s 21 BNSBitcoinMiner:StartMining(): [INFO ] Start to broadcast 10 seconds after the simulation starts
+202.000000000s 21 BNSBitcoinMiner:StartMining(): [INFO ] 
+202.000000000s 21 BNSBitcoinMiner:StartMining(): [INFO ] 
+202.000000000s 21 BNSBitcoinMiner:StartMining(): [INFO ] 
+10202.000000000s 21 BNSBitcoinMiner:MineBlock(): [INFO ] MineBlock Now
+10202.000000000s 21 BNSBlockchain:GetBlockHeight(): [INFO ] Set new height (1) for 11389160339061379072
+10202.000000000s 21 BNSBitcoinNode:NotifyNewBlock(): [INFO ] Mined new BLOCK 11389160339061379072 size: 1112867
+10202.363350208s 26 BNSKadcastNode:HandleChunkMessage(): [INFO ] Got all Chunks (ID: 11389160339061379072, prevID: 0, size: 1112867).
+10202.718434489s 30 BNSKadcastNode:HandleChunkMessage(): [INFO ] Got all Chunks (ID: 11389160339061379072, prevID: 0, size: 1112867).
+10202.785899831s 26 BNSBlockchain:GetBlockHeight(): [INFO ] Set new height (1) for 11389160339061379072
+10202.785899831s 26 BNSBitcoinNode:NotifyNewBlock(): [INFO ] Got new BLOCK: 11389160339061379072
+10203.140984112s 30 BNSBlockchain:GetBlockHeight(): [INFO ] Set new height (1) for 11389160339061379072
+10203.140984112s 30 BNSBitcoinNode:NotifyNewBlock(): [INFO ] Got new BLOCK: 11389160339061379072
+10203.207488897s 32 BNSKadcastNode:HandleChunkMessage(): [INFO ] Got all Chunks (ID: 11389160339061379072, prevID: 0, size: 1112867).
+10203.417557863s 24 BNSKadcastNode:HandleChunkMessage(): [INFO ] Got all Chunks (ID: 11389160339061379072, prevID: 0, size: 1112867).
+10203.583314248s 38 BNSKadcastNode:HandleChunkMessage(): [INFO ] Got all Chunks (ID: 11389160339061379072, prevID: 0, size: 1112867).
+10203.630038520s 32 BNSBlockchain:GetBlockHeight(): [INFO ] Set new height (1) for 11389160339061379072
+10203.630038520s 32 BNSBitcoinNode:NotifyNewBlock(): [INFO ] Got new BLOCK: 11389160339061379072
+10203.685407364s 13 BNSKadcastNode:HandleChunkMessage(): [INFO ] Got all Chunks (ID: 11389160339061379072, prevID: 0, size: 1112867).
+10203.733536636s 60 BNSKadcastNode:HandleChunkMessage(): [INFO ] Got all Chunks (ID: 11389160339061379072, prevID: 0, size: 1112867).
+10203.747888713s 88 BNSKadcastNode:HandleChunkMessage(): [INFO ] Got all Chunks (ID: 11389160339061379072, prevID: 0, size: 1112867).
+10203.774347469s 59 BNSKadcastNode:HandleChunkMessage(): [INFO ] Got all Chunks (ID: 11389160339061379072, prevID: 0, size: 1112867).
+10203.840107486s 24 BNSBlockchain:GetBlockHeight(): [INFO ] Set new height (1) for 11389160339061379072
+10203.840107486s 24 BNSBitcoinNode:NotifyNewBlock(): [INFO ] Got new BLOCK: 11389160339061379072
+10204.005863871s 38 BNSBlockchain:GetBlockHeight(): [INFO ] Set new height (1) for 11389160339061379072
+10204.005863871s 38 BNSBitcoinNode:NotifyNewBlock(): [INFO ] Got new BLOCK: 11389160339061379072
+10204.055342730s 23 BNSKadcastNode:HandleChunkMessage(): [INFO ] Got all Chunks (ID: 11389160339061379072, prevID: 0, size: 1112867).
+10204.107956987s 13 BNSBlockchain:GetBlockHeight(): [INFO ] Set new height (1) for 11389160339061379072
+10204.107956987s 13 BNSBitcoinNode:NotifyNewBlock(): [INFO ] Got new BLOCK: 11389160339061379072
+10204.154671454s 41 BNSKadcastNode:HandleChunkMessage(): [INFO ] Got all Chunks (ID: 11389160339061379072, prevID: 0, size: 1112867).
+10204.156086259s 60 BNSBlockchain:GetBlockHeight(): [INFO ] Set new height (1) for 11389160339061379072
+10204.156086259s 60 BNSBitcoinNode:NotifyNewBlock(): [INFO ] Got new BLOCK: 11389160339061379072
+10204.159251209s 34 BNSKadcastNode:HandleChunkMessage(): [INFO ] Got all Chunks (ID: 11389160339061379072, prevID: 0, size: 1112867).
+10204.162462253s 40 BNSKadcastNode:HandleChunkMessage(): [INFO ] Got all Chunks (ID: 11389160339061379072, prevID: 0, size: 1112867).
+10204.170438336s 88 BNSBlockchain:GetBlockHeight(): [INFO ] Set new height (1) for 11389160339061379072
+10204.170438336s 88 BNSBitcoinNode:NotifyNewBlock(): [INFO ] Got new BLOCK: 11389160339061379072
+10204.196897092s 59 BNSBlockchain:GetBlockHeight(): [INFO ] Set new height (1) for 11389160339061379072
+10204.196897092s 59 BNSBitcoinNode:NotifyNewBlock(): [INFO ] Got new BLOCK: 11389160339061379072
+10204.212702712s 86 BNSKadcastNode:HandleChunkMessage(): [INFO ] Got all Chunks (ID: 11389160339061379072, prevID: 0, size: 1112867).
+10204.344769901s 8 BNSKadcastNode:HandleChunkMessage(): [INFO ] Got all Chunks (ID: 11389160339061379072, prevID: 0, size: 1112867).
+10204.477892353s 23 BNSBlockchain:GetBlockHeight(): [INFO ] Set new height (1) for 11389160339061379072
+10204.477892353s 23 BNSBitcoinNode:NotifyNewBlock(): [INFO ] Got new BLOCK: 11389160339061379072
+10204.569974526s 18 BNSKadcastNode:HandleChunkMessage(): [INFO ] Got all Chunks (ID: 11389160339061379072, prevID: 0, size: 1112867).
+10204.577221077s 41 BNSBlockchain:GetBlockHeight(): [INFO ] Set new height (1) for 11389160339061379072
+10204.577221077s 41 BNSBitcoinNode:NotifyNewBlock(): [INFO ] Got new BLOCK: 11389160339061379072
+10204.581800832s 34 BNSBlockchain:GetBlockHeight(): [INFO ] Set new height (1) for 11389160339061379072
+10204.581800832s 34 BNSBitcoinNode:NotifyNewBlock(): [INFO ] Got new BLOCK: 11389160339061379072
+10204.585011876s 40 BNSBlockchain:GetBlockHeight(): [INFO ] Set new height (1) for 11389160339061379072
+10204.585011876s 40 BNSBitcoinNode:NotifyNewBlock(): [INFO ] Got new BLOCK: 11389160339061379072
+10204.598104962s 11 BNSKadcastNode:HandleChunkMessage(): [INFO ] Got all Chunks (ID: 11389160339061379072, prevID: 0, size: 1112867).
+10204.635252335s 86 BNSBlockchain:GetBlockHeight(): [INFO ] Set new height (1) for 11389160339061379072
+10204.635252335s 86 BNSBitcoinNode:NotifyNewBlock(): [INFO ] Got new BLOCK: 11389160339061379072
+10204.699996202s 4 BNSKadcastNode:HandleChunkMessage(): [INFO ] Got all Chunks (ID: 11389160339061379072, prevID: 0, size: 1112867).
+10204.713826233s 92 BNSKadcastNode:HandleChunkMessage(): [INFO ] Got all Chunks (ID: 11389160339061379072, prevID: 0, size: 1112867).
+10204.767319524s 8 BNSBlockchain:GetBlockHeight(): [INFO ] Set new height (1) for 11389160339061379072
+10204.767319524s 8 BNSBitcoinNode:NotifyNewBlock(): [INFO ] Got new BLOCK: 11389160339061379072
+10204.785304689s 28 BNSKadcastNode:HandleChunkMessage(): [INFO ] Got all Chunks (ID: 11389160339061379072, prevID: 0, size: 1112867).
+10204.800606019s 56 BNSKadcastNode:HandleChunkMessage(): [INFO ] Got all Chunks (ID: 11389160339061379072, prevID: 0, size: 1112867).
+10204.816578816s 61 BNSKadcastNode:HandleChunkMessage(): [INFO ] Got all Chunks (ID: 11389160339061379072, prevID: 0, size: 1112867).
+10204.872755541s 76 BNSKadcastNode:HandleChunkMessage(): [INFO ] Got all Chunks (ID: 11389160339061379072, prevID: 0, size: 1112867).
+10204.992397646s 89 BNSKadcastNode:HandleChunkMessage(): [INFO ] Got all Chunks (ID: 11389160339061379072, prevID: 0, size: 1112867).
+10204.992524149s 18 BNSBlockchain:GetBlockHeight(): [INFO ] Set new height (1) for 11389160339061379072
+10204.992524149s 18 BNSBitcoinNode:NotifyNewBlock(): [INFO ] Got new BLOCK: 11389160339061379072
+10205.020654585s 11 BNSBlockchain:GetBlockHeight(): [INFO ] Set new height (1) for 11389160339061379072
+10205.020654585s 11 BNSBitcoinNode:NotifyNewBlock(): [INFO ] Got new BLOCK: 11389160339061379072
+10205.022227859s 10 BNSKadcastNode:HandleChunkMessage(): [INFO ] Got all Chunks (ID: 11389160339061379072, prevID: 0, size: 1112867).
+10205.122545825s 4 BNSBlockchain:GetBlockHeight(): [INFO ] Set new height (1) for 11389160339061379072
+10205.122545825s 4 BNSBitcoinNode:NotifyNewBlock(): [INFO ] Got new BLOCK: 11389160339061379072
+10205.136375856s 92 BNSBlockchain:GetBlockHeight(): [INFO ] Set new height (1) for 11389160339061379072
+10205.136375856s 92 BNSBitcoinNode:NotifyNewBlock(): [INFO ] Got new BLOCK: 11389160339061379072
+10205.207854312s 28 BNSBlockchain:GetBlockHeight(): [INFO ] Set new height (1) for 11389160339061379072
+10205.207854312s 28 BNSBitcoinNode:NotifyNewBlock(): [INFO ] Got new BLOCK: 11389160339061379072
+10205.223155642s 56 BNSBlockchain:GetBlockHeight(): [INFO ] Set new height (1) for 11389160339061379072
+10205.223155642s 56 BNSBitcoinNode:NotifyNewBlock(): [INFO ] Got new BLOCK: 11389160339061379072
+10205.239128439s 61 BNSBlockchain:GetBlockHeight(): [INFO ] Set new height (1) for 11389160339061379072
+10205.239128439s 61 BNSBitcoinNode:NotifyNewBlock(): [INFO ] Got new BLOCK: 11389160339061379072
+10205.250311176s 7 BNSKadcastNode:HandleChunkMessage(): [INFO ] Got all Chunks (ID: 11389160339061379072, prevID: 0, size: 1112867).
+10205.279458444s 37 BNSKadcastNode:HandleChunkMessage(): [INFO ] Got all Chunks (ID: 11389160339061379072, prevID: 0, size: 1112867).
+10205.295305164s 76 BNSBlockchain:GetBlockHeight(): [INFO ] Set new height (1) for 11389160339061379072
+10205.295305164s 76 BNSBitcoinNode:NotifyNewBlock(): [INFO ] Got new BLOCK: 11389160339061379072
+10205.315543047s 87 BNSKadcastNode:HandleChunkMessage(): [INFO ] Got all Chunks (ID: 11389160339061379072, prevID: 0, size: 1112867).
+10205.350050972s 54 BNSKadcastNode:HandleChunkMessage(): [INFO ] Got all Chunks (ID: 11389160339061379072, prevID: 0, size: 1112867).
+10205.393276225s 75 BNSKadcastNode:HandleChunkMessage(): [INFO ] Got all Chunks (ID: 11389160339061379072, prevID: 0, size: 1112867).
+10205.414947269s 89 BNSBlockchain:GetBlockHeight(): [INFO ] Set new height (1) for 11389160339061379072
+10205.414947269s 89 BNSBitcoinNode:NotifyNewBlock(): [INFO ] Got new BLOCK: 11389160339061379072
+10205.444777482s 10 BNSBlockchain:GetBlockHeight(): [INFO ] Set new height (1) for 11389160339061379072
+10205.444777482s 10 BNSBitcoinNode:NotifyNewBlock(): [INFO ] Got new BLOCK: 11389160339061379072
+10205.477221438s 50 BNSKadcastNode:HandleChunkMessage(): [INFO ] Got all Chunks (ID: 11389160339061379072, prevID: 0, size: 1112867).
+10205.672860799s 7 BNSBlockchain:GetBlockHeight(): [INFO ] Set new height (1) for 11389160339061379072
+10205.672860799s 7 BNSBitcoinNode:NotifyNewBlock(): [INFO ] Got new BLOCK: 11389160339061379072
+10205.702008067s 37 BNSBlockchain:GetBlockHeight(): [INFO ] Set new height (1) for 11389160339061379072
+10205.702008067s 37 BNSBitcoinNode:NotifyNewBlock(): [INFO ] Got new BLOCK: 11389160339061379072
+10205.703356797s 45 BNSKadcastNode:HandleChunkMessage(): [INFO ] Got all Chunks (ID: 11389160339061379072, prevID: 0, size: 1112867).
+10205.707443552s 5 BNSKadcastNode:HandleChunkMessage(): [INFO ] Got all Chunks (ID: 11389160339061379072, prevID: 0, size: 1112867).
+10205.738092670s 87 BNSBlockchain:GetBlockHeight(): [INFO ] Set new height (1) for 11389160339061379072
+10205.738092670s 87 BNSBitcoinNode:NotifyNewBlock(): [INFO ] Got new BLOCK: 11389160339061379072
+10205.772600595s 54 BNSBlockchain:GetBlockHeight(): [INFO ] Set new height (1) for 11389160339061379072
+10205.772600595s 54 BNSBitcoinNode:NotifyNewBlock(): [INFO ] Got new BLOCK: 11389160339061379072
+10205.815825848s 75 BNSBlockchain:GetBlockHeight(): [INFO ] Set new height (1) for 11389160339061379072
+10205.815825848s 75 BNSBitcoinNode:NotifyNewBlock(): [INFO ] Got new BLOCK: 11389160339061379072
+10205.829108997s 68 BNSKadcastNode:HandleChunkMessage(): [INFO ] Got all Chunks (ID: 11389160339061379072, prevID: 0, size: 1112867).
+10205.899771061s 50 BNSBlockchain:GetBlockHeight(): [INFO ] Set new height (1) for 11389160339061379072
+10205.899771061s 50 BNSBitcoinNode:NotifyNewBlock(): [INFO ] Got new BLOCK: 11389160339061379072
+10205.906594458s 29 BNSKadcastNode:HandleChunkMessage(): [INFO ] Got all Chunks (ID: 11389160339061379072, prevID: 0, size: 1112867).
+10205.922390956s 55 BNSKadcastNode:HandleChunkMessage(): [INFO ] Got all Chunks (ID: 11389160339061379072, prevID: 0, size: 1112867).
+10205.969301782s 69 BNSKadcastNode:HandleChunkMessage(): [INFO ] Got all Chunks (ID: 11389160339061379072, prevID: 0, size: 1112867).
+10206.106216774s 52 BNSKadcastNode:HandleChunkMessage(): [INFO ] Got all Chunks (ID: 11389160339061379072, prevID: 0, size: 1112867).
+10206.125906420s 45 BNSBlockchain:GetBlockHeight(): [INFO ] Set new height (1) for 11389160339061379072
+10206.125906420s 45 BNSBitcoinNode:NotifyNewBlock(): [INFO ] Got new BLOCK: 11389160339061379072
+10206.129993175s 5 BNSBlockchain:GetBlockHeight(): [INFO ] Set new height (1) for 11389160339061379072
+10206.129993175s 5 BNSBitcoinNode:NotifyNewBlock(): [INFO ] Got new BLOCK: 11389160339061379072
+10206.187056916s 35 BNSKadcastNode:HandleChunkMessage(): [INFO ] Got all Chunks (ID: 11389160339061379072, prevID: 0, size: 1112867).
+10206.234250253s 63 BNSKadcastNode:HandleChunkMessage(): [INFO ] Got all Chunks (ID: 11389160339061379072, prevID: 0, size: 1112867).
+10206.246385709s 3 BNSKadcastNode:HandleChunkMessage(): [INFO ] Got all Chunks (ID: 11389160339061379072, prevID: 0, size: 1112867).
+10206.251658620s 68 BNSBlockchain:GetBlockHeight(): [INFO ] Set new height (1) for 11389160339061379072
+10206.251658620s 68 BNSBitcoinNode:NotifyNewBlock(): [INFO ] Got new BLOCK: 11389160339061379072
+10206.311883508s 39 BNSKadcastNode:HandleChunkMessage(): [INFO ] Got all Chunks (ID: 11389160339061379072, prevID: 0, size: 1112867).
+10206.329144081s 29 BNSBlockchain:GetBlockHeight(): [INFO ] Set new height (1) for 11389160339061379072
+10206.329144081s 29 BNSBitcoinNode:NotifyNewBlock(): [INFO ] Got new BLOCK: 11389160339061379072
+10206.344940579s 55 BNSBlockchain:GetBlockHeight(): [INFO ] Set new height (1) for 11389160339061379072
+10206.344940579s 55 BNSBitcoinNode:NotifyNewBlock(): [INFO ] Got new BLOCK: 11389160339061379072
+10206.391851405s 69 BNSBlockchain:GetBlockHeight(): [INFO ] Set new height (1) for 11389160339061379072
+10206.391851405s 69 BNSBitcoinNode:NotifyNewBlock(): [INFO ] Got new BLOCK: 11389160339061379072
+10206.528766397s 52 BNSBlockchain:GetBlockHeight(): [INFO ] Set new height (1) for 11389160339061379072
+10206.528766397s 52 BNSBitcoinNode:NotifyNewBlock(): [INFO ] Got new BLOCK: 11389160339061379072
+10206.609606539s 35 BNSBlockchain:GetBlockHeight(): [INFO ] Set new height (1) for 11389160339061379072
+10206.609606539s 35 BNSBitcoinNode:NotifyNewBlock(): [INFO ] Got new BLOCK: 11389160339061379072
+10206.610163465s 62 BNSKadcastNode:HandleChunkMessage(): [INFO ] Got all Chunks (ID: 11389160339061379072, prevID: 0, size: 1112867).
+10206.635934947s 81 BNSKadcastNode:HandleChunkMessage(): [INFO ] Got all Chunks (ID: 11389160339061379072, prevID: 0, size: 1112867).
+10206.656799876s 63 BNSBlockchain:GetBlockHeight(): [INFO ] Set new height (1) for 11389160339061379072
+10206.656799876s 63 BNSBitcoinNode:NotifyNewBlock(): [INFO ] Got new BLOCK: 11389160339061379072
+10206.657828945s 49 BNSKadcastNode:HandleChunkMessage(): [INFO ] Got all Chunks (ID: 11389160339061379072, prevID: 0, size: 1112867).
+10206.668935332s 3 BNSBlockchain:GetBlockHeight(): [INFO ] Set new height (1) for 11389160339061379072
+10206.668935332s 3 BNSBitcoinNode:NotifyNewBlock(): [INFO ] Got new BLOCK: 11389160339061379072
+10206.728972690s 27 BNSKadcastNode:HandleChunkMessage(): [INFO ] Got all Chunks (ID: 11389160339061379072, prevID: 0, size: 1112867).
+10206.733424500s 42 BNSKadcastNode:HandleChunkMessage(): [INFO ] Got all Chunks (ID: 11389160339061379072, prevID: 0, size: 1112867).
+10206.734433131s 39 BNSBlockchain:GetBlockHeight(): [INFO ] Set new height (1) for 11389160339061379072
+10206.734433131s 39 BNSBitcoinNode:NotifyNewBlock(): [INFO ] Got new BLOCK: 11389160339061379072
+10206.876886816s 33 BNSKadcastNode:HandleChunkMessage(): [INFO ] Got all Chunks (ID: 11389160339061379072, prevID: 0, size: 1112867).
+10206.894924750s 82 BNSKadcastNode:HandleChunkMessage(): [INFO ] Got all Chunks (ID: 11389160339061379072, prevID: 0, size: 1112867).
+10207.032713088s 62 BNSBlockchain:GetBlockHeight(): [INFO ] Set new height (1) for 11389160339061379072
+10207.032713088s 62 BNSBitcoinNode:NotifyNewBlock(): [INFO ] Got new BLOCK: 11389160339061379072
+10207.058484570s 81 BNSBlockchain:GetBlockHeight(): [INFO ] Set new height (1) for 11389160339061379072
+10207.058484570s 81 BNSBitcoinNode:NotifyNewBlock(): [INFO ] Got new BLOCK: 11389160339061379072
+10207.071271486s 73 BNSKadcastNode:HandleChunkMessage(): [INFO ] Got all Chunks (ID: 11389160339061379072, prevID: 0, size: 1112867).
+10207.080378568s 49 BNSBlockchain:GetBlockHeight(): [INFO ] Set new height (1) for 11389160339061379072
+10207.080378568s 49 BNSBitcoinNode:NotifyNewBlock(): [INFO ] Got new BLOCK: 11389160339061379072
+10207.106764800s 25 BNSKadcastNode:HandleChunkMessage(): [INFO ] Got all Chunks (ID: 11389160339061379072, prevID: 0, size: 1112867).
+10207.151522313s 27 BNSBlockchain:GetBlockHeight(): [INFO ] Set new height (1) for 11389160339061379072
+10207.151522313s 27 BNSBitcoinNode:NotifyNewBlock(): [INFO ] Got new BLOCK: 11389160339061379072
+10207.155974123s 42 BNSBlockchain:GetBlockHeight(): [INFO ] Set new height (1) for 11389160339061379072
+10207.155974123s 42 BNSBitcoinNode:NotifyNewBlock(): [INFO ] Got new BLOCK: 11389160339061379072
+10207.232750617s 57 BNSKadcastNode:HandleChunkMessage(): [INFO ] Got all Chunks (ID: 11389160339061379072, prevID: 0, size: 1112867).
+10207.260140141s 47 BNSKadcastNode:HandleChunkMessage(): [INFO ] Got all Chunks (ID: 11389160339061379072, prevID: 0, size: 1112867).
+10207.282732962s 15 BNSKadcastNode:HandleChunkMessage(): [INFO ] Got all Chunks (ID: 11389160339061379072, prevID: 0, size: 1112867).
+10207.299436439s 33 BNSBlockchain:GetBlockHeight(): [INFO ] Set new height (1) for 11389160339061379072
+10207.299436439s 33 BNSBitcoinNode:NotifyNewBlock(): [INFO ] Got new BLOCK: 11389160339061379072
+10207.317474373s 82 BNSBlockchain:GetBlockHeight(): [INFO ] Set new height (1) for 11389160339061379072
+10207.317474373s 82 BNSBitcoinNode:NotifyNewBlock(): [INFO ] Got new BLOCK: 11389160339061379072
+10207.328868387s 53 BNSKadcastNode:HandleChunkMessage(): [INFO ] Got all Chunks (ID: 11389160339061379072, prevID: 0, size: 1112867).
+10207.332027571s 84 BNSKadcastNode:HandleChunkMessage(): [INFO ] Got all Chunks (ID: 11389160339061379072, prevID: 0, size: 1112867).
+10207.336892974s 97 BNSKadcastNode:HandleChunkMessage(): [INFO ] Got all Chunks (ID: 11389160339061379072, prevID: 0, size: 1112867).
+10207.382789771s 6 BNSKadcastNode:HandleChunkMessage(): [INFO ] Got all Chunks (ID: 11389160339061379072, prevID: 0, size: 1112867).
+10207.437800711s 19 BNSKadcastNode:HandleChunkMessage(): [INFO ] Got all Chunks (ID: 11389160339061379072, prevID: 0, size: 1112867).
+10207.478362878s 70 BNSKadcastNode:HandleChunkMessage(): [INFO ] Got all Chunks (ID: 11389160339061379072, prevID: 0, size: 1112867).
+10207.493821109s 73 BNSBlockchain:GetBlockHeight(): [INFO ] Set new height (1) for 11389160339061379072
+10207.493821109s 73 BNSBitcoinNode:NotifyNewBlock(): [INFO ] Got new BLOCK: 11389160339061379072
+10207.508038928s 46 BNSKadcastNode:HandleChunkMessage(): [INFO ] Got all Chunks (ID: 11389160339061379072, prevID: 0, size: 1112867).
+10207.529314423s 25 BNSBlockchain:GetBlockHeight(): [INFO ] Set new height (1) for 11389160339061379072
+10207.529314423s 25 BNSBitcoinNode:NotifyNewBlock(): [INFO ] Got new BLOCK: 11389160339061379072
+10207.614729339s 65 BNSKadcastNode:HandleChunkMessage(): [INFO ] Got all Chunks (ID: 11389160339061379072, prevID: 0, size: 1112867).
+10207.655300240s 57 BNSBlockchain:GetBlockHeight(): [INFO ] Set new height (1) for 11389160339061379072
+10207.655300240s 57 BNSBitcoinNode:NotifyNewBlock(): [INFO ] Got new BLOCK: 11389160339061379072
+10207.682689764s 47 BNSBlockchain:GetBlockHeight(): [INFO ] Set new height (1) for 11389160339061379072
+10207.682689764s 47 BNSBitcoinNode:NotifyNewBlock(): [INFO ] Got new BLOCK: 11389160339061379072
+10207.705282585s 15 BNSBlockchain:GetBlockHeight(): [INFO ] Set new height (1) for 11389160339061379072
+10207.705282585s 15 BNSBitcoinNode:NotifyNewBlock(): [INFO ] Got new BLOCK: 11389160339061379072
+10207.743244709s 64 BNSKadcastNode:HandleChunkMessage(): [INFO ] Got all Chunks (ID: 11389160339061379072, prevID: 0, size: 1112867).
+10207.751168772s 48 BNSKadcastNode:HandleChunkMessage(): [INFO ] Got all Chunks (ID: 11389160339061379072, prevID: 0, size: 1112867).
+10207.751418010s 53 BNSBlockchain:GetBlockHeight(): [INFO ] Set new height (1) for 11389160339061379072
+10207.751418010s 53 BNSBitcoinNode:NotifyNewBlock(): [INFO ] Got new BLOCK: 11389160339061379072
+10207.754577194s 84 BNSBlockchain:GetBlockHeight(): [INFO ] Set new height (1) for 11389160339061379072
+10207.754577194s 84 BNSBitcoinNode:NotifyNewBlock(): [INFO ] Got new BLOCK: 11389160339061379072
+10207.759442597s 97 BNSBlockchain:GetBlockHeight(): [INFO ] Set new height (1) for 11389160339061379072
+10207.759442597s 97 BNSBitcoinNode:NotifyNewBlock(): [INFO ] Got new BLOCK: 11389160339061379072
+10207.805339394s 6 BNSBlockchain:GetBlockHeight(): [INFO ] Set new height (1) for 11389160339061379072
+10207.805339394s 6 BNSBitcoinNode:NotifyNewBlock(): [INFO ] Got new BLOCK: 11389160339061379072
+10207.860350334s 19 BNSBlockchain:GetBlockHeight(): [INFO ] Set new height (1) for 11389160339061379072
+10207.860350334s 19 BNSBitcoinNode:NotifyNewBlock(): [INFO ] Got new BLOCK: 11389160339061379072
+10207.900912501s 70 BNSBlockchain:GetBlockHeight(): [INFO ] Set new height (1) for 11389160339061379072
+10207.900912501s 70 BNSBitcoinNode:NotifyNewBlock(): [INFO ] Got new BLOCK: 11389160339061379072
+10207.930588551s 46 BNSBlockchain:GetBlockHeight(): [INFO ] Set new height (1) for 11389160339061379072
+10207.930588551s 46 BNSBitcoinNode:NotifyNewBlock(): [INFO ] Got new BLOCK: 11389160339061379072
+10207.944216368s 58 BNSKadcastNode:HandleChunkMessage(): [INFO ] Got all Chunks (ID: 11389160339061379072, prevID: 0, size: 1112867).
+10208.037278962s 65 BNSBlockchain:GetBlockHeight(): [INFO ] Set new height (1) for 11389160339061379072
+10208.037278962s 65 BNSBitcoinNode:NotifyNewBlock(): [INFO ] Got new BLOCK: 11389160339061379072
+10208.064733678s 9 BNSKadcastNode:HandleChunkMessage(): [INFO ] Got all Chunks (ID: 11389160339061379072, prevID: 0, size: 1112867).
+10208.165794332s 64 BNSBlockchain:GetBlockHeight(): [INFO ] Set new height (1) for 11389160339061379072
+10208.165794332s 64 BNSBitcoinNode:NotifyNewBlock(): [INFO ] Got new BLOCK: 11389160339061379072
+10208.173718395s 48 BNSBlockchain:GetBlockHeight(): [INFO ] Set new height (1) for 11389160339061379072
+10208.173718395s 48 BNSBitcoinNode:NotifyNewBlock(): [INFO ] Got new BLOCK: 11389160339061379072
+10208.366765991s 58 BNSBlockchain:GetBlockHeight(): [INFO ] Set new height (1) for 11389160339061379072
+10208.366765991s 58 BNSBitcoinNode:NotifyNewBlock(): [INFO ] Got new BLOCK: 11389160339061379072
+10208.487283301s 9 BNSBlockchain:GetBlockHeight(): [INFO ] Set new height (1) for 11389160339061379072
+10208.487283301s 9 BNSBitcoinNode:NotifyNewBlock(): [INFO ] Got new BLOCK: 11389160339061379072
+10208.812839667s 78 BNSKadcastNode:HandleChunkMessage(): [INFO ] Got all Chunks (ID: 11389160339061379072, prevID: 0, size: 1112867).
+10209.235389290s 78 BNSBlockchain:GetBlockHeight(): [INFO ] Set new height (1) for 11389160339061379072
+10209.235389290s 78 BNSBitcoinNode:NotifyNewBlock(): [INFO ] Got new BLOCK: 11389160339061379072
+10209.696067184s 95 BNSKadcastNode:HandleChunkMessage(): [INFO ] Got all Chunks (ID: 11389160339061379072, prevID: 0, size: 1112867).
+10210.118616807s 95 BNSBlockchain:GetBlockHeight(): [INFO ] Set new height (1) for 11389160339061379072
+10210.118616807s 95 BNSBitcoinNode:NotifyNewBlock(): [INFO ] Got new BLOCK: 11389160339061379072
+10212.385660639s 16 BNSKadcastNode:HandleChunkMessage(): [INFO ] Got all Chunks (ID: 11389160339061379072, prevID: 0, size: 1112867).
+10212.659066462s 74 BNSKadcastNode:HandleChunkMessage(): [INFO ] Got all Chunks (ID: 11389160339061379072, prevID: 0, size: 1112867).
+10212.808210262s 16 BNSBlockchain:GetBlockHeight(): [INFO ] Set new height (1) for 11389160339061379072
+10212.808210262s 16 BNSBitcoinNode:NotifyNewBlock(): [INFO ] Got new BLOCK: 11389160339061379072
+10213.081616085s 74 BNSBlockchain:GetBlockHeight(): [INFO ] Set new height (1) for 11389160339061379072
+10213.081616085s 74 BNSBitcoinNode:NotifyNewBlock(): [INFO ] Got new BLOCK: 11389160339061379072
+10216.461311568s 83 BNSKadcastNode:HandleChunkMessage(): [INFO ] Got all Chunks (ID: 11389160339061379072, prevID: 0, size: 1112867).
+10216.883861191s 83 BNSBlockchain:GetBlockHeight(): [INFO ] Set new height (1) for 11389160339061379072
+10216.883861191s 83 BNSBitcoinNode:NotifyNewBlock(): [INFO ] Got new BLOCK: 11389160339061379072
+10226.331552573s 2 BNSKadcastNode:HandleChunkMessage(): [INFO ] Got all Chunks (ID: 11389160339061379072, prevID: 0, size: 1112867).
+10226.754102196s 2 BNSBlockchain:GetBlockHeight(): [INFO ] Set new height (1) for 11389160339061379072
+10226.754102196s 2 BNSBitcoinNode:NotifyNewBlock(): [INFO ] Got new BLOCK: 11389160339061379072
+43200.000000000s -1 BNS:collectPropagationData(): [INFO ] 10209957 - 1.0202e+07 =  7957 (TTFB)
+43200.000000000s -1 BNS:collectPropagationData(): [INFO ] 10226331 - 1.0202e+07 =  24331 (TTLB)
+43200.000000000s -1 BNS:collectPropagationData(): [INFO ] 10205572 - 1.0202e+07 =  3572 (TTFB)
+43200.000000000s -1 BNS:collectPropagationData(): [INFO ] 10206246 - 1.0202e+07 =  4246 (TTLB)
+43200.000000000s -1 BNS:collectPropagationData(): [INFO ] 10204442 - 1.0202e+07 =  2442 (TTFB)
+43200.000000000s -1 BNS:collectPropagationData(): [INFO ] 10204699 - 1.0202e+07 =  2699 (TTLB)
+43200.000000000s -1 BNS:collectPropagationData(): [INFO ] 10205362 - 1.0202e+07 =  3362 (TTFB)
+43200.000000000s -1 BNS:collectPropagationData(): [INFO ] 10205707 - 1.0202e+07 =  3707 (TTLB)
+43200.000000000s -1 BNS:collectPropagationData(): [INFO ] 10205178 - 1.0202e+07 =  3178 (TTFB)
+43200.000000000s -1 BNS:collectPropagationData(): [INFO ] 10207382 - 1.0202e+07 =  5382 (TTLB)
+43200.000000000s -1 BNS:collectPropagationData(): [INFO ] 10204820 - 1.0202e+07 =  2820 (TTFB)
+43200.000000000s -1 BNS:collectPropagationData(): [INFO ] 10205250 - 1.0202e+07 =  3250 (TTLB)
+43200.000000000s -1 BNS:collectPropagationData(): [INFO ] 10203901 - 1.0202e+07 =  1901 (TTFB)
+43200.000000000s -1 BNS:collectPropagationData(): [INFO ] 10204344 - 1.0202e+07 =  2344 (TTLB)
+43200.000000000s -1 BNS:collectPropagationData(): [INFO ] 10207398 - 1.0202e+07 =  5398 (TTFB)
+43200.000000000s -1 BNS:collectPropagationData(): [INFO ] 10208064 - 1.0202e+07 =  6064 (TTLB)
+43200.000000000s -1 BNS:collectPropagationData(): [INFO ] 10204651 - 1.0202e+07 =  2651 (TTFB)
+43200.000000000s -1 BNS:collectPropagationData(): [INFO ] 10205022 - 1.0202e+07 =  3022 (TTLB)
+43200.000000000s -1 BNS:collectPropagationData(): [INFO ] 10204384 - 1.0202e+07 =  2384 (TTFB)
+43200.000000000s -1 BNS:collectPropagationData(): [INFO ] 10204598 - 1.0202e+07 =  2598 (TTLB)
+43200.000000000s -1 BNS:collectPropagationData(): [INFO ] 10203510 - 1.0202e+07 =  1510 (TTFB)
+43200.000000000s -1 BNS:collectPropagationData(): [INFO ] 10203685 - 1.0202e+07 =  1685 (TTLB)
+43200.000000000s -1 BNS:collectPropagationData(): [INFO ] 10206960 - 1.0202e+07 =  4960 (TTFB)
+43200.000000000s -1 BNS:collectPropagationData(): [INFO ] 10207282 - 1.0202e+07 =  5282 (TTLB)
+43200.000000000s -1 BNS:collectPropagationData(): [INFO ] 10210772 - 1.0202e+07 =  8772 (TTFB)
+43200.000000000s -1 BNS:collectPropagationData(): [INFO ] 10212385 - 1.0202e+07 =  10385 (TTLB)
+43200.000000000s -1 BNS:collectPropagationData(): [INFO ] 10204399 - 1.0202e+07 =  2399 (TTFB)
+43200.000000000s -1 BNS:collectPropagationData(): [INFO ] 10204569 - 1.0202e+07 =  2569 (TTLB)
+43200.000000000s -1 BNS:collectPropagationData(): [INFO ] 10207098 - 1.0202e+07 =  5098 (TTFB)
+43200.000000000s -1 BNS:collectPropagationData(): [INFO ] 10207437 - 1.0202e+07 =  5437 (TTLB)
+43200.000000000s -1 BNS:collectPropagationData(): [INFO ] 10202000 - 1.0202e+07 =  0 (TTFB)
+43200.000000000s -1 BNS:collectPropagationData(): [INFO ] 10202000 - 1.0202e+07 =  0 (TTLB)
+43200.000000000s -1 BNS:collectPropagationData(): [INFO ] 10203671 - 1.0202e+07 =  1671 (TTFB)
+43200.000000000s -1 BNS:collectPropagationData(): [INFO ] 10204055 - 1.0202e+07 =  2055 (TTLB)
+43200.000000000s -1 BNS:collectPropagationData(): [INFO ] 10203242 - 1.0202e+07 =  1242 (TTFB)
+43200.000000000s -1 BNS:collectPropagationData(): [INFO ] 10203417 - 1.0202e+07 =  1417 (TTLB)
+43200.000000000s -1 BNS:collectPropagationData(): [INFO ] 10206885 - 1.0202e+07 =  4885 (TTFB)
+43200.000000000s -1 BNS:collectPropagationData(): [INFO ] 10207106 - 1.0202e+07 =  5106 (TTLB)
+43200.000000000s -1 BNS:collectPropagationData(): [INFO ] 10202077 - 1.0202e+07 =  77 (TTFB)
+43200.000000000s -1 BNS:collectPropagationData(): [INFO ] 10202363 - 1.0202e+07 =  363 (TTLB)
+43200.000000000s -1 BNS:collectPropagationData(): [INFO ] 10206399 - 1.0202e+07 =  4399 (TTFB)
+43200.000000000s -1 BNS:collectPropagationData(): [INFO ] 10206728 - 1.0202e+07 =  4728 (TTLB)
+43200.000000000s -1 BNS:collectPropagationData(): [INFO ] 10204597 - 1.0202e+07 =  2597 (TTFB)
+43200.000000000s -1 BNS:collectPropagationData(): [INFO ] 10204785 - 1.0202e+07 =  2785 (TTLB)
+43200.000000000s -1 BNS:collectPropagationData(): [INFO ] 10205687 - 1.0202e+07 =  3687 (TTFB)
+43200.000000000s -1 BNS:collectPropagationData(): [INFO ] 10205906 - 1.0202e+07 =  3906 (TTLB)
+43200.000000000s -1 BNS:collectPropagationData(): [INFO ] 10202431 - 1.0202e+07 =  431 (TTFB)
+43200.000000000s -1 BNS:collectPropagationData(): [INFO ] 10202718 - 1.0202e+07 =  718 (TTLB)
+43200.000000000s -1 BNS:collectPropagationData(): [INFO ] 10203032 - 1.0202e+07 =  1032 (TTFB)
+43200.000000000s -1 BNS:collectPropagationData(): [INFO ] 10203207 - 1.0202e+07 =  1207 (TTLB)
+43200.000000000s -1 BNS:collectPropagationData(): [INFO ] 10206656 - 1.0202e+07 =  4656 (TTFB)
+43200.000000000s -1 BNS:collectPropagationData(): [INFO ] 10206876 - 1.0202e+07 =  4876 (TTLB)
+43200.000000000s -1 BNS:collectPropagationData(): [INFO ] 10204018 - 1.0202e+07 =  2018 (TTFB)
+43200.000000000s -1 BNS:collectPropagationData(): [INFO ] 10204159 - 1.0202e+07 =  2159 (TTLB)
+43200.000000000s -1 BNS:collectPropagationData(): [INFO ] 10205968 - 1.0202e+07 =  3968 (TTFB)
+43200.000000000s -1 BNS:collectPropagationData(): [INFO ] 10206187 - 1.0202e+07 =  4187 (TTLB)
+43200.000000000s -1 BNS:collectPropagationData(): [INFO ] 10204937 - 1.0202e+07 =  2937 (TTFB)
+43200.000000000s -1 BNS:collectPropagationData(): [INFO ] 10205279 - 1.0202e+07 =  3279 (TTLB)
+43200.000000000s -1 BNS:collectPropagationData(): [INFO ] 10203153 - 1.0202e+07 =  1153 (TTFB)
+43200.000000000s -1 BNS:collectPropagationData(): [INFO ] 10203583 - 1.0202e+07 =  1583 (TTLB)
+43200.000000000s -1 BNS:collectPropagationData(): [INFO ] 10206146 - 1.0202e+07 =  4146 (TTFB)
+43200.000000000s -1 BNS:collectPropagationData(): [INFO ] 10206311 - 1.0202e+07 =  4311 (TTLB)
+43200.000000000s -1 BNS:collectPropagationData(): [INFO ] 10203900 - 1.0202e+07 =  1900 (TTFB)
+43200.000000000s -1 BNS:collectPropagationData(): [INFO ] 10204162 - 1.0202e+07 =  2162 (TTLB)
+43200.000000000s -1 BNS:collectPropagationData(): [INFO ] 10203868 - 1.0202e+07 =  1868 (TTFB)
+43200.000000000s -1 BNS:collectPropagationData(): [INFO ] 10204154 - 1.0202e+07 =  2154 (TTLB)
+43200.000000000s -1 BNS:collectPropagationData(): [INFO ] 10206514 - 1.0202e+07 =  4514 (TTFB)
+43200.000000000s -1 BNS:collectPropagationData(): [INFO ] 10206733 - 1.0202e+07 =  4733 (TTLB)
+43200.000000000s -1 BNS:collectPropagationData(): [INFO ] 10205526 - 1.0202e+07 =  3526 (TTFB)
+43200.000000000s -1 BNS:collectPropagationData(): [INFO ] 10205703 - 1.0202e+07 =  3703 (TTLB)
+43200.000000000s -1 BNS:collectPropagationData(): [INFO ] 10207177 - 1.0202e+07 =  5177 (TTFB)
+43200.000000000s -1 BNS:collectPropagationData(): [INFO ] 10207508 - 1.0202e+07 =  5508 (TTLB)
+43200.000000000s -1 BNS:collectPropagationData(): [INFO ] 10207083 - 1.0202e+07 =  5083 (TTFB)
+43200.000000000s -1 BNS:collectPropagationData(): [INFO ] 10207260 - 1.0202e+07 =  5260 (TTLB)
+43200.000000000s -1 BNS:collectPropagationData(): [INFO ] 10207262 - 1.0202e+07 =  5262 (TTFB)
+43200.000000000s -1 BNS:collectPropagationData(): [INFO ] 10207751 - 1.0202e+07 =  5751 (TTLB)
+43200.000000000s -1 BNS:collectPropagationData(): [INFO ] 10206562 - 1.0202e+07 =  4562 (TTFB)
+43200.000000000s -1 BNS:collectPropagationData(): [INFO ] 10206657 - 1.0202e+07 =  4657 (TTLB)
+43200.000000000s -1 BNS:collectPropagationData(): [INFO ] 10205226 - 1.0202e+07 =  3226 (TTFB)
+43200.000000000s -1 BNS:collectPropagationData(): [INFO ] 10205477 - 1.0202e+07 =  3477 (TTLB)
+43200.000000000s -1 BNS:collectPropagationData(): [INFO ] 10205940 - 1.0202e+07 =  3940 (TTFB)
+43200.000000000s -1 BNS:collectPropagationData(): [INFO ] 10206106 - 1.0202e+07 =  4106 (TTLB)
+43200.000000000s -1 BNS:collectPropagationData(): [INFO ] 10206203 - 1.0202e+07 =  4203 (TTFB)
+43200.000000000s -1 BNS:collectPropagationData(): [INFO ] 10207328 - 1.0202e+07 =  5328 (TTLB)
+43200.000000000s -1 BNS:collectPropagationData(): [INFO ] 10205137 - 1.0202e+07 =  3137 (TTFB)
+43200.000000000s -1 BNS:collectPropagationData(): [INFO ] 10205350 - 1.0202e+07 =  3350 (TTLB)
+43200.000000000s -1 BNS:collectPropagationData(): [INFO ] 10205550 - 1.0202e+07 =  3550 (TTFB)
+43200.000000000s -1 BNS:collectPropagationData(): [INFO ] 10205922 - 1.0202e+07 =  3922 (TTLB)
+43200.000000000s -1 BNS:collectPropagationData(): [INFO ] 10204670 - 1.0202e+07 =  2670 (TTFB)
+43200.000000000s -1 BNS:collectPropagationData(): [INFO ] 10204800 - 1.0202e+07 =  2800 (TTLB)
+43200.000000000s -1 BNS:collectPropagationData(): [INFO ] 10206827 - 1.0202e+07 =  4827 (TTFB)
+43200.000000000s -1 BNS:collectPropagationData(): [INFO ] 10207232 - 1.0202e+07 =  5232 (TTLB)
+43200.000000000s -1 BNS:collectPropagationData(): [INFO ] 10207233 - 1.0202e+07 =  5233 (TTFB)
+43200.000000000s -1 BNS:collectPropagationData(): [INFO ] 10207944 - 1.0202e+07 =  5944 (TTLB)
+43200.000000000s -1 BNS:collectPropagationData(): [INFO ] 10202799 - 1.0202e+07 =  799 (TTFB)
+43200.000000000s -1 BNS:collectPropagationData(): [INFO ] 10203774 - 1.0202e+07 =  1774 (TTLB)
+43200.000000000s -1 BNS:collectPropagationData(): [INFO ] 10203288 - 1.0202e+07 =  1288 (TTFB)
+43200.000000000s -1 BNS:collectPropagationData(): [INFO ] 10203733 - 1.0202e+07 =  1733 (TTLB)
+43200.000000000s -1 BNS:collectPropagationData(): [INFO ] 10204597 - 1.0202e+07 =  2597 (TTFB)
+43200.000000000s -1 BNS:collectPropagationData(): [INFO ] 10204816 - 1.0202e+07 =  2816 (TTLB)
+43200.000000000s -1 BNS:collectPropagationData(): [INFO ] 10205895 - 1.0202e+07 =  3895 (TTFB)
+43200.000000000s -1 BNS:collectPropagationData(): [INFO ] 10206610 - 1.0202e+07 =  4610 (TTLB)
+43200.000000000s -1 BNS:collectPropagationData(): [INFO ] 10205846 - 1.0202e+07 =  3846 (TTFB)
+43200.000000000s -1 BNS:collectPropagationData(): [INFO ] 10206234 - 1.0202e+07 =  4234 (TTLB)
+43200.000000000s -1 BNS:collectPropagationData(): [INFO ] 10206352 - 1.0202e+07 =  4352 (TTFB)
+43200.000000000s -1 BNS:collectPropagationData(): [INFO ] 10207743 - 1.0202e+07 =  5743 (TTLB)
+43200.000000000s -1 BNS:collectPropagationData(): [INFO ] 10206336 - 1.0202e+07 =  4336 (TTFB)
+43200.000000000s -1 BNS:collectPropagationData(): [INFO ] 10207614 - 1.0202e+07 =  5614 (TTLB)
+43200.000000000s -1 BNS:collectPropagationData(): [INFO ] 10205562 - 1.0202e+07 =  3562 (TTFB)
+43200.000000000s -1 BNS:collectPropagationData(): [INFO ] 10205829 - 1.0202e+07 =  3829 (TTLB)
+43200.000000000s -1 BNS:collectPropagationData(): [INFO ] 10205744 - 1.0202e+07 =  3744 (TTFB)
+43200.000000000s -1 BNS:collectPropagationData(): [INFO ] 10205969 - 1.0202e+07 =  3969 (TTLB)
+43200.000000000s -1 BNS:collectPropagationData(): [INFO ] 10207183 - 1.0202e+07 =  5183 (TTFB)
+43200.000000000s -1 BNS:collectPropagationData(): [INFO ] 10207478 - 1.0202e+07 =  5478 (TTLB)
+43200.000000000s -1 BNS:collectPropagationData(): [INFO ] 10206820 - 1.0202e+07 =  4820 (TTFB)
+43200.000000000s -1 BNS:collectPropagationData(): [INFO ] 10207071 - 1.0202e+07 =  5071 (TTLB)
+43200.000000000s -1 BNS:collectPropagationData(): [INFO ] 10211937 - 1.0202e+07 =  9937 (TTFB)
+43200.000000000s -1 BNS:collectPropagationData(): [INFO ] 10212659 - 1.0202e+07 =  10659 (TTLB)
+43200.000000000s -1 BNS:collectPropagationData(): [INFO ] 10204620 - 1.0202e+07 =  2620 (TTFB)
+43200.000000000s -1 BNS:collectPropagationData(): [INFO ] 10205393 - 1.0202e+07 =  3393 (TTLB)
+43200.000000000s -1 BNS:collectPropagationData(): [INFO ] 10204586 - 1.0202e+07 =  2586 (TTFB)
+43200.000000000s -1 BNS:collectPropagationData(): [INFO ] 10204872 - 1.0202e+07 =  2872 (TTLB)
+43200.000000000s -1 BNS:collectPropagationData(): [INFO ] 10208048 - 1.0202e+07 =  6048 (TTFB)
+43200.000000000s -1 BNS:collectPropagationData(): [INFO ] 10208812 - 1.0202e+07 =  6812 (TTLB)
+43200.000000000s -1 BNS:collectPropagationData(): [INFO ] 10206267 - 1.0202e+07 =  4267 (TTFB)
+43200.000000000s -1 BNS:collectPropagationData(): [INFO ] 10206635 - 1.0202e+07 =  4635 (TTLB)
+43200.000000000s -1 BNS:collectPropagationData(): [INFO ] 10206477 - 1.0202e+07 =  4477 (TTFB)
+43200.000000000s -1 BNS:collectPropagationData(): [INFO ] 10206894 - 1.0202e+07 =  4894 (TTLB)
+43200.000000000s -1 BNS:collectPropagationData(): [INFO ] 10214845 - 1.0202e+07 =  12845 (TTFB)
+43200.000000000s -1 BNS:collectPropagationData(): [INFO ] 10216461 - 1.0202e+07 =  14461 (TTLB)
+43200.000000000s -1 BNS:collectPropagationData(): [INFO ] 10207054 - 1.0202e+07 =  5054 (TTFB)
+43200.000000000s -1 BNS:collectPropagationData(): [INFO ] 10207332 - 1.0202e+07 =  5332 (TTLB)
+43200.000000000s -1 BNS:collectPropagationData(): [INFO ] 10203783 - 1.0202e+07 =  1783 (TTFB)
+43200.000000000s -1 BNS:collectPropagationData(): [INFO ] 10204212 - 1.0202e+07 =  2212 (TTLB)
+43200.000000000s -1 BNS:collectPropagationData(): [INFO ] 10204181 - 1.0202e+07 =  2181 (TTFB)
+43200.000000000s -1 BNS:collectPropagationData(): [INFO ] 10205315 - 1.0202e+07 =  3315 (TTLB)
+43200.000000000s -1 BNS:collectPropagationData(): [INFO ] 10202795 - 1.0202e+07 =  795 (TTFB)
+43200.000000000s -1 BNS:collectPropagationData(): [INFO ] 10203747 - 1.0202e+07 =  1747 (TTLB)
+43200.000000000s -1 BNS:collectPropagationData(): [INFO ] 10204600 - 1.0202e+07 =  2600 (TTFB)
+43200.000000000s -1 BNS:collectPropagationData(): [INFO ] 10204992 - 1.0202e+07 =  2992 (TTLB)
+43200.000000000s -1 BNS:collectPropagationData(): [INFO ] 10204334 - 1.0202e+07 =  2334 (TTFB)
+43200.000000000s -1 BNS:collectPropagationData(): [INFO ] 10204713 - 1.0202e+07 =  2713 (TTLB)
+43200.000000000s -1 BNS:collectPropagationData(): [INFO ] 10208116 - 1.0202e+07 =  6116 (TTFB)
+43200.000000000s -1 BNS:collectPropagationData(): [INFO ] 10209696 - 1.0202e+07 =  7696 (TTLB)
+43200.000000000s -1 BNS:collectPropagationData(): [INFO ] 10206658 - 1.0202e+07 =  4658 (TTFB)
+43200.000000000s -1 BNS:collectPropagationData(): [INFO ] 10207336 - 1.0202e+07 =  5336 (TTLB)
+43200.000000000s -1 BNS:collectPropagationData(): [INFO ] total_ttfb: 266704
+43200.000000000s -1 BNS:collectPropagationData(): [INFO ] total_ttlb: 317708
+43200.000000000s -1 BNS:collectPropagationData(): [DEBUG] TTFBs size: 73
+43200.000000000s -1 BNS:collectPropagationData(): [DEBUG] TTLBs size: 73
+43200.000000000s -1 BNS:collectPropagationData(): [DEBUG] Avg. TTFB: 3653
+43200.000000000s -1 BNS:collectPropagationData(): [DEBUG] Avg. TTLB: 4352
+43200.000000000s -1 BNS:collectPropagationData(): [DEBUG] Median TTFB: 3562
+43200.000000000s -1 BNS:collectPropagationData(): [DEBUG] Median TTLB: 3922
+43200.000000000s -1 BNS:collectPropagationData(): [DEBUG] Coverage: 0.73
+43200.000000000s -1 BNS:collectTrafficData(): [INFO ] Total number of mined blocks: 1, top block Height: 1
+43200.000000000s -1 BNS:collectTrafficData(): [INFO ] Stale rate: 0, totalTraffic: 6.91791e+08, overheadRatio: 5.27908
BNS:main(): [INFO ] Simulation finished!
